#
# A fatal error has been detected by the Java Runtime Environment:
#
#  EXCEPTION_ACCESS_VIOLATION (0xc0000005) at pc=0x00007ffcf0c91b85, pid=29344, tid=4568
#
# JRE version:  (22.0.2+9) (build )
# Java VM: Java HotSpot(TM) 64-Bit Server VM (22.0.2+9-70, mixed mode, sharing, tiered, compressed class ptrs, unknown gc, windows-amd64)
# Problematic frame:
# C  [jimage.dll+0x1b85]
#
# No core dump will be written. Minidumps are not enabled by default on client versions of Windows
#
#

---------------  S U M M A R Y ------------

Command Line: 

Host: AMD Ryzen 7 5825U with Radeon Graphics         , 16 cores, 5G,  Windows 11 , 64 bit Build 22621 (10.0.22621.4391)
Time: Sun Dec  1 18:25:44 2024 SE Asia Standard Time elapsed time: 0.200984 seconds (0d 0h 0m 0s)

---------------  T H R E A D  ---------------

Current thread is native thread

Stack: [0x0000005136000000,0x0000005136100000],  sp=0x00000051360fe0c0,  free space=1016k
Native frames: (J=compiled Java code, j=interpreted, Vv=VM code, C=native code)
C  [jimage.dll+0x1b85]  (no source info available)
C  [jimage.dll+0x1d13]  (no source info available)
C  [jimage.dll+0x25dd]  (no source info available)
V  [jvm.dll+0x21cf52]  (no source info available)
V  [jvm.dll+0xc7690]  (no source info available)
V  [jvm.dll+0x8262fc]  (no source info available)
V  [jvm.dll+0x45bd5e]  (no source info available)
V  [jvm.dll+0x45dbe1]  (no source info available)
C  [jli.dll+0x52a3]  (no source info available)
C  [ucrtbase.dll+0x29333]  (no source info available)
C  [KERNEL32.DLL+0x1259d]  (no source info available)
C  [ntdll.dll+0x5af38]  (no source info available)


siginfo: EXCEPTION_ACCESS_VIOLATION (0xc0000005), reading address 0x000000000001c52c


Registers:
RAX=0x0000000000007144, RBX=0x00000051360fe1b1, RCX=0x00007ffcf0c96000, RDX=0x0000000000007144
RSP=0x00000051360fe0c0, RBP=0x00000051360fe1b0, RSI=0x00000000000077a8, RDI=0x00000051360fe1b0
R8 =0x00007ffcf0c94298, R9 =0x000000000000001c, R10=0x00007ffcf5ba0000, R11=0x00007ffcf0c96000
R12=0x0000000000000000, R13=0x00000051360ffc20, R14=0x00000051360ff220, R15=0x00007ffc8db31e50
RIP=0x00007ffcf0c91b85, EFLAGS=0x0000000000010212


Top of Stack: (sp=0x00000051360fe0c0)
0x00000051360fe0c0:   0000000000000000 0000000000000000
0x00000051360fe0d0:   0000000000000000 0000000000000000
0x00000051360fe0e0:   0000022cfce5b7a0 00007ffcf0c91d13
0x00000051360fe0f0:   000000000000000b 0000022cfce5b7a0
0x00000051360fe100:   0000000000000000 0000000000000000
0x00000051360fe110:   0000000000000000 0000000000000000
0x00000051360fe120:   0000000000000000 0000000000000000
0x00000051360fe130:   0000000000000000 0000000000000000
0x00000051360fe140:   0000000000000000 0000000000000000
0x00000051360fe150:   0000f19b65fce418 0000000000000000
0x00000051360fe160:   00007ffc8db0fd60 0000000000000017
0x00000051360fe170:   0000022cfce5b7a0 00000051360ff220
0x00000051360fe180:   000000000000000b 00007ffcf0c925dd
0x00000051360fe190:   0000000000000000 0000000000000000
0x00000051360fe1a0:   0000000000000000 0000000000000000
0x00000051360fe1b0:   61622e6176616a2f 692f6b646a2f6573
0x00000051360fe1c0:   2f6c616e7265746e 6f6974706f2f6d76
0x00000051360fe1d0:   000000000000736e 0000000000000000
0x00000051360fe1e0:   0000000000000000 0000000000000000
0x00000051360fe1f0:   0000000000000000 0000000000000000
0x00000051360fe200:   0000000000000000 0000000000000000
0x00000051360fe210:   0000000000000000 0000000000000000
0x00000051360fe220:   0000000000000000 0000000000000000
0x00000051360fe230:   0000000000000000 0000000000000000
0x00000051360fe240:   0000000000000000 0000000000000000
0x00000051360fe250:   0000000000000000 0000000000000000
0x00000051360fe260:   0000000000000000 0000000000000000
0x00000051360fe270:   0000000000000000 0000000000000000
0x00000051360fe280:   0000000000000000 0000000000000000
0x00000051360fe290:   0000000000000000 0000000091000190
0x00000051360fe2a0:   0000022cff16e6d0 00007ffd3b90f966
0x00000051360fe2b0:   0000022cfce20000 00000051360fe5a9 

Instructions: (pc=0x00007ffcf0c91b85)
0x00007ffcf0c91a85:   48 85 c9 74 1d 80 3d 7f 45 00 00 00 74 06 48 8b
0x00007ffcf0c91a95:   53 18 eb 04 48 8b 53 40 e8 9a 0e 00 00 48 83 63
0x00007ffcf0c91aa5:   48 00 8b 4b 0c 83 f9 ff 74 09 e8 d0 0c 00 00 83
0x00007ffcf0c91ab5:   4b 0c ff 48 8b 4b 70 48 85 c9 74 0f ba 10 00 00
0x00007ffcf0c91ac5:   00 e8 f1 0e 00 00 48 83 63 70 00 48 83 c4 20 5b
0x00007ffcf0c91ad5:   c3 cc cc 40 53 48 83 ec 20 48 8b d9 48 8d 0d 38
0x00007ffcf0c91ae5:   47 00 00 e8 9f 0c 00 00 83 6b 08 01 75 24 48 8b
0x00007ffcf0c91af5:   d3 48 8d 0d 1b 45 00 00 e8 22 08 00 00 48 8b cb
0x00007ffcf0c91b05:   e8 d6 fe ff ff ba 78 00 00 00 48 8b cb e8 a5 0e
0x00007ffcf0c91b15:   00 00 48 8d 0d 02 47 00 00 48 83 c4 20 5b e9 6c
0x00007ffcf0c91b25:   0c 00 00 48 89 5c 24 08 48 89 74 24 10 57 48 83
0x00007ffcf0c91b35:   ec 20 41 8b f1 4d 8b c8 48 8b fa 4c 8b d9 4d 85
0x00007ffcf0c91b45:   c0 74 78 85 f6 74 74 44 8a 12 48 8d 5a 01 48 8b
0x00007ffcf0c91b55:   d3 b8 93 01 00 01 eb 12 69 c0 93 01 00 01 41 0f
0x00007ffcf0c91b65:   b6 ca 44 8a 12 33 c1 48 ff c2 45 84 d2 75 e9 4d
0x00007ffcf0c91b75:   8b 03 0f ba f0 1f 33 d2 49 8b cb f7 f6 48 63 c2
0x00007ffcf0c91b85:   41 8b 14 81 41 ff 50 08 85 c0 7e 24 8a 0f eb 10
0x00007ffcf0c91b95:   69 c0 93 01 00 01 0f b6 c9 33 c1 8a 0b 48 ff c3
0x00007ffcf0c91ba5:   84 c9 75 ec 0f ba f0 1f 33 d2 f7 f6 8b c2 eb 0e
0x00007ffcf0c91bb5:   79 09 83 c9 ff 2b c8 8b c1 eb 03 83 c8 ff 48 8b
0x00007ffcf0c91bc5:   5c 24 30 48 8b 74 24 38 48 83 c4 20 5f c3 cc 48
0x00007ffcf0c91bd5:   89 5c 24 08 48 89 74 24 10 57 48 83 ec 20 48 8b
0x00007ffcf0c91be5:   f1 48 8d 0d 33 46 00 00 e8 9a 0b 00 00 33 ff 39
0x00007ffcf0c91bf5:   3d 1e 44 00 00 76 24 48 8b 05 1d 44 00 00 48 8b
0x00007ffcf0c91c05:   d6 48 8b 1c f8 48 8b 0b e8 68 1e 00 00 85 c0 74
0x00007ffcf0c91c15:   2b ff c7 3b 3d fa 43 00 00 72 dc 33 db 48 8d 0d
0x00007ffcf0c91c25:   f7 45 00 00 e8 66 0b 00 00 48 8b 74 24 38 48 8b
0x00007ffcf0c91c35:   c3 48 8b 5c 24 30 48 83 c4 20 5f c3 ff 43 08 eb
0x00007ffcf0c91c45:   dc cc cc 48 89 5c 24 08 48 89 74 24 10 57 48 83
0x00007ffcf0c91c55:   ec 20 48 8b d9 48 8b f2 48 8b 49 10 49 8b f8 8b
0x00007ffcf0c91c65:   53 30 48 8b 01 ff 50 20 4c 8b 43 50 48 8b d6 48
0x00007ffcf0c91c75:   8b 4b 10 44 8b c8 e8 a8 fe ff ff 83 f8 ff 74 38 



---------------  P R O C E S S  ---------------

VM state: not at safepoint (not fully initialized)

VM Mutex/Monitor currently owned by a thread: None

CDS archive(s) mapped at: [0x0000000000000000-0x0000000000000000-0x0000000000000000), size 0, SharedBaseAddress: 0x0000000800000000, ArchiveRelocationMode: 1.
Narrow klass base: 0x0000000000000000, Narrow klass shift: 0, Narrow klass range: 0x0

GC Precious Log:
<Not initialized>


Dynamic libraries:
0x00007ff645b10000 - 0x00007ff645b20000 	C:\Program Files\Java\jdk-22\bin\java.exe
0x00007ffd3b8d0000 - 0x00007ffd3bae7000 	C:\WINDOWS\SYSTEM32\ntdll.dll
0x00007ffd39820000 - 0x00007ffd398e4000 	C:\WINDOWS\System32\KERNEL32.DLL
0x00007ffd390a0000 - 0x00007ffd39459000 	C:\WINDOWS\System32\KERNELBASE.dll
0x00007ffd38da0000 - 0x00007ffd38eb1000 	C:\WINDOWS\System32\ucrtbase.dll
0x00007ffcf5bc0000 - 0x00007ffcf5bd7000 	C:\Program Files\Java\jdk-22\bin\jli.dll
0x00007ffd39e30000 - 0x00007ffd39fde000 	C:\WINDOWS\System32\USER32.dll
0x00007ffd38bd0000 - 0x00007ffd38bf6000 	C:\WINDOWS\System32\win32u.dll
0x00007ffd3a6b0000 - 0x00007ffd3a6d9000 	C:\WINDOWS\System32\GDI32.dll
0x00007ffd394d0000 - 0x00007ffd395eb000 	C:\WINDOWS\System32\gdi32full.dll
0x00007ffd39000000 - 0x00007ffd3909a000 	C:\WINDOWS\System32\msvcp_win.dll
0x00007ffd18ef0000 - 0x00007ffd19182000 	C:\WINDOWS\WinSxS\amd64_microsoft.windows.common-controls_6595b64144ccf1df_6.0.22621.4391_none_2715d37f73803e96\COMCTL32.dll
0x00007ffd3aa20000 - 0x00007ffd3aac7000 	C:\WINDOWS\System32\msvcrt.dll
0x00007ffcf5ba0000 - 0x00007ffcf5bbb000 	C:\Program Files\Java\jdk-22\bin\VCRUNTIME140.dll
0x00007ffd3a670000 - 0x00007ffd3a6a1000 	C:\WINDOWS\System32\IMM32.DLL
0x00007ffcf4560000 - 0x00007ffcf456c000 	C:\Program Files\Java\jdk-22\bin\vcruntime140_1.dll
0x00007ffccf250000 - 0x00007ffccf2de000 	C:\Program Files\Java\jdk-22\bin\msvcp140.dll
0x00007ffc8d160000 - 0x00007ffc8dea9000 	C:\Program Files\Java\jdk-22\bin\server\jvm.dll
0x00007ffd3a7a0000 - 0x00007ffd3a852000 	C:\WINDOWS\System32\ADVAPI32.dll
0x00007ffd3abd0000 - 0x00007ffd3ac77000 	C:\WINDOWS\System32\sechost.dll
0x00007ffd38c00000 - 0x00007ffd38c28000 	C:\WINDOWS\System32\bcrypt.dll
0x00007ffd3a0c0000 - 0x00007ffd3a1d4000 	C:\WINDOWS\System32\RPCRT4.dll
0x00007ffd395f0000 - 0x00007ffd39661000 	C:\WINDOWS\System32\WS2_32.dll
0x00007ffd38aa0000 - 0x00007ffd38aed000 	C:\WINDOWS\SYSTEM32\POWRPROF.dll
0x00007ffd31be0000 - 0x00007ffd31c14000 	C:\WINDOWS\SYSTEM32\WINMM.dll
0x00007ffd2ff00000 - 0x00007ffd2ff0a000 	C:\WINDOWS\SYSTEM32\VERSION.dll
0x00007ffd38a80000 - 0x00007ffd38a93000 	C:\WINDOWS\SYSTEM32\UMPDC.dll
0x00007ffd37b70000 - 0x00007ffd37b88000 	C:\WINDOWS\SYSTEM32\kernel.appcore.dll
0x00007ffcf0c90000 - 0x00007ffcf0c9a000 	C:\Program Files\Java\jdk-22\bin\jimage.dll
0x00007ffd365b0000 - 0x00007ffd367e2000 	C:\WINDOWS\SYSTEM32\DBGHELP.DLL
0x00007ffd3a240000 - 0x00007ffd3a5cf000 	C:\WINDOWS\System32\combase.dll
0x00007ffd39fe0000 - 0x00007ffd3a0b7000 	C:\WINDOWS\System32\OLEAUT32.dll
0x00007ffd25190000 - 0x00007ffd251c2000 	C:\WINDOWS\SYSTEM32\dbgcore.DLL
0x00007ffd38f80000 - 0x00007ffd38ffb000 	C:\WINDOWS\System32\bcryptPrimitives.dll

dbghelp: loaded successfully - version: 4.0.5 - missing functions: none
symbol engine: initialized successfully - sym options: 0x614 - pdb path: .;C:\Program Files\Java\jdk-22\bin;C:\WINDOWS\SYSTEM32;C:\WINDOWS\WinSxS\amd64_microsoft.windows.common-controls_6595b64144ccf1df_6.0.22621.4391_none_2715d37f73803e96;C:\Program Files\Java\jdk-22\bin\server

VM Arguments:
java_command: <unknown>
java_class_path (initial): <not set>
Launcher Type: SUN_STANDARD

[Global flags]
     bool UseLargePagesIndividualAllocation        = false                                  {pd product} {ergonomic}

Logging:
Log output configuration:
 #0: stdout all=warning uptime,level,tags foldmultilines=false
 #1: stderr all=off uptime,level,tags foldmultilines=false

Environment Variables:
JAVA_HOME=C:\Program Files\Java\jdk-22
CLASSPATH=D:\android_2024\coba\android\\gradle\wrapper\gradle-wrapper.jar
PATH=C:\Program Files\Java\jdk-22\bin;C:\Program Files\Common Files\Oracle\Java\javapath;C:\Program Files (x86)\Common Files\Oracle\Java\java8path;C:\Program Files (x86)\Common Files\Oracle\Java\javapath;C:\WINDOWS\system32;C:\WINDOWS;C:\WINDOWS\System32\Wbem;C:\WINDOWS\System32\WindowsPowerShell\v1.0\;C:\WINDOWS\System32\OpenSSH\;C:\Users\diand\Downloads\xampp\php;C:\ProgramData\ComposerSetup\bin;C:\Program Files\Git\cmd;C:\Users\diand\AppData\Local\Microsoft\WindowsApps;C:\Users\diand\AppData\Local\Programs\Microsoft VS Code\bin;C:\Program Files\Java\jdk-22;C:\Users\diand\AppData\Roaming\Composer\vendor\bin;C:\flutter\bin\mingit\cmd;C:\flutter\bin\mingit\cmd
USERNAME=`Lenovo
OS=Windows_NT
PROCESSOR_IDENTIFIER=AMD64 Family 25 Model 80 Stepping 0, AuthenticAMD
TMP=C:\Users\diand\AppData\Local\Temp
TEMP=C:\Users\diand\AppData\Local\Temp




Periodic native trim disabled

---------------  S Y S T E M  ---------------

OS:
 Windows 11 , 64 bit Build 22621 (10.0.22621.4391)
OS uptime: 1 days 2:32 hours

CPU: total 16 (initial active 0) 
Processor Information for all 16 processors :
  Max Mhz: 2000, Current Mhz: 2000, Mhz Limit: 2000

Memory: 4k page, system-wide physical 5989M (277M free)
TotalPageFile size 24421M (AvailPageFile size 0M)
current process WorkingSet (physical memory assigned to process): 8M, peak: 8M
current process commit charge ("private bytes"): 3M, peak: 3M

vm_info: Java HotSpot(TM) 64-Bit Server VM (22.0.2+9-70) for windows-amd64 JRE (22.0.2+9-70), built on 2024-06-04T16:52:23Z by "mach5one" with MS VC++ 17.6 (VS2022)

END.
