#
# There is insufficient memory for the Java Runtime Environment to continue.
# Native memory allocation (malloc) failed to allocate 484544 bytes. Error detail: Chunk::new
# Possible reasons:
#   The system is out of physical RAM or swap space
#   This process is running with CompressedOops enabled, and the Java Heap may be blocking the growth of the native heap
# Possible solutions:
#   Reduce memory load on the system
#   Increase physical memory or swap space
#   Check if swap backing store is full
#   Decrease Java heap size (-Xmx/-Xms)
#   Decrease number of Java threads
#   Decrease Java thread stack sizes (-Xss)
#   Set larger code cache with -XX:ReservedCodeCacheSize=
#   JVM is running with Zero Based Compressed Oops mode in which the Java heap is
#     placed in the first 32GB address space. The Java Heap base address is the
#     maximum limit for the native heap growth. Please use -XX:HeapBaseMinAddress
#     to set the Java Heap base and to place the Java Heap above 32GB virtual address.
# This output file may be truncated or incomplete.
#
#  Out of Memory Error (arena.cpp:150), pid=15692, tid=7808
#
# JRE version: Java(TM) SE Runtime Environment (22.0.2+9) (build 22.0.2+9-70)
# Java VM: Java HotSpot(TM) 64-Bit Server VM (22.0.2+9-70, mixed mode, sharing, tiered, compressed oops, compressed class ptrs, g1 gc, windows-amd64)
# No core dump will be written. Minidumps are not enabled by default on client versions of Windows
#

---------------  S U M M A R Y ------------

Command Line: -XX:+HeapDumpOnOutOfMemoryError --add-opens=java.base/java.util=ALL-UNNAMED --add-opens=java.base/java.lang=ALL-UNNAMED --add-opens=java.base/java.lang.invoke=ALL-UNNAMED --add-opens=java.prefs/java.util.prefs=ALL-UNNAMED --add-opens=java.base/java.nio.charset=ALL-UNNAMED --add-opens=java.base/java.net=ALL-UNNAMED --add-opens=java.base/java.util.concurrent.atomic=ALL-UNNAMED -Xmx4G -Dfile.encoding=UTF-8 -Duser.country=US -Duser.language=en -Duser.variant org.gradle.launcher.daemon.bootstrap.GradleDaemon 7.6.3

Host: AMD Ryzen 7 5825U with Radeon Graphics         , 16 cores, 5G,  Windows 11 , 64 bit Build 22621 (10.0.22621.4391)
Time: Mon Dec  2 08:17:19 2024 SE Asia Standard Time elapsed time: 2.292039 seconds (0d 0h 0m 2s)

---------------  T H R E A D  ---------------

Current thread (0x000002717ea74680):  JavaThread "C2 CompilerThread0" daemon [_thread_in_native, id=7808, stack(0x000000ffd3d00000,0x000000ffd3e00000) (1024K)]


Current CompileTask:
C2:2292 2243       4       jdk.internal.org.objectweb.asm.Frame::execute (2305 bytes)

Stack: [0x000000ffd3d00000,0x000000ffd3e00000]
Native frames: (J=compiled Java code, j=interpreted, Vv=VM code, C=native code)
V  [jvm.dll+0x6e26e9]  (no source info available)
V  [jvm.dll+0x875753]  (no source info available)
V  [jvm.dll+0x877b7e]  (no source info available)
V  [jvm.dll+0x878253]  (no source info available)
V  [jvm.dll+0x27fc86]  (no source info available)
V  [jvm.dll+0xc3d0f]  (no source info available)
V  [jvm.dll+0xc3f6b]  (no source info available)
V  [jvm.dll+0x3bb47c]  (no source info available)
V  [jvm.dll+0x387d4b]  (no source info available)
V  [jvm.dll+0x3871ba]  (no source info available)
V  [jvm.dll+0x2477f8]  (no source info available)
V  [jvm.dll+0x246e9f]  (no source info available)
V  [jvm.dll+0x1c4e80]  (no source info available)
V  [jvm.dll+0x2568f3]  (no source info available)
V  [jvm.dll+0x254baa]  (no source info available)
V  [jvm.dll+0x3f57a6]  (no source info available)
V  [jvm.dll+0x81dc0b]  (no source info available)
V  [jvm.dll+0x6e0d85]  (no source info available)
C  [ucrtbase.dll+0x29333]  (no source info available)
C  [KERNEL32.DLL+0x1259d]  (no source info available)
C  [ntdll.dll+0x5af38]  (no source info available)


---------------  P R O C E S S  ---------------

Threads class SMR info:
_java_thread_list=0x0000027155d21230, length=23, elements={
0x000002716c6e4940, 0x000002717ea5df50, 0x000002717ea5ea80, 0x000002717ea63210,
0x000002717ea63880, 0x000002717ea64020, 0x000002717ea706b0, 0x000002717ea74680,
0x000002717ea77d60, 0x000002715419de90, 0x0000027154215910, 0x0000027154216d70,
0x0000027154ae8f70, 0x0000027155995120, 0x00000271555dfb40, 0x0000027155c12f30,
0x0000027155976000, 0x0000027155976670, 0x0000027155cf9b40, 0x0000027155cf8100,
0x0000027155cfa1d0, 0x0000027155cf94b0, 0x0000027155cfa860
}

Java Threads: ( => current thread )
  0x000002716c6e4940 JavaThread "main"                              [_thread_blocked, id=22444, stack(0x000000ffd2f00000,0x000000ffd3000000) (1024K)]
  0x000002717ea5df50 JavaThread "Reference Handler"          daemon [_thread_blocked, id=24304, stack(0x000000ffd3700000,0x000000ffd3800000) (1024K)]
  0x000002717ea5ea80 JavaThread "Finalizer"                  daemon [_thread_blocked, id=28504, stack(0x000000ffd3800000,0x000000ffd3900000) (1024K)]
  0x000002717ea63210 JavaThread "Signal Dispatcher"          daemon [_thread_blocked, id=31376, stack(0x000000ffd3900000,0x000000ffd3a00000) (1024K)]
  0x000002717ea63880 JavaThread "Attach Listener"            daemon [_thread_blocked, id=10376, stack(0x000000ffd3a00000,0x000000ffd3b00000) (1024K)]
  0x000002717ea64020 JavaThread "Service Thread"             daemon [_thread_blocked, id=25820, stack(0x000000ffd3b00000,0x000000ffd3c00000) (1024K)]
  0x000002717ea706b0 JavaThread "Monitor Deflation Thread"   daemon [_thread_blocked, id=29860, stack(0x000000ffd3c00000,0x000000ffd3d00000) (1024K)]
=>0x000002717ea74680 JavaThread "C2 CompilerThread0"         daemon [_thread_in_native, id=7808, stack(0x000000ffd3d00000,0x000000ffd3e00000) (1024K)]
  0x000002717ea77d60 JavaThread "C1 CompilerThread0"         daemon [_thread_blocked, id=30112, stack(0x000000ffd3e00000,0x000000ffd3f00000) (1024K)]
  0x000002715419de90 JavaThread "C1 CompilerThread1"         daemon [_thread_blocked, id=16300, stack(0x000000ffd3f00000,0x000000ffd4000000) (1024K)]
  0x0000027154215910 JavaThread "Common-Cleaner"             daemon [_thread_blocked, id=31040, stack(0x000000ffd4000000,0x000000ffd4100000) (1024K)]
  0x0000027154216d70 JavaThread "Notification Thread"        daemon [_thread_blocked, id=17304, stack(0x000000ffd4100000,0x000000ffd4200000) (1024K)]
  0x0000027154ae8f70 JavaThread "C1 CompilerThread2"         daemon [_thread_in_vm, id=30728, stack(0x000000ffd4500000,0x000000ffd4600000) (1024K)]
  0x0000027155995120 JavaThread "Daemon health stats"               [_thread_blocked, id=7844, stack(0x000000ffd4700000,0x000000ffd4800000) (1024K)]
  0x00000271555dfb40 JavaThread "Incoming local TCP Connector on port 56885"        [_thread_in_native, id=27052, stack(0x000000ffd4800000,0x000000ffd4900000) (1024K)]
  0x0000027155c12f30 JavaThread "Daemon periodic checks"            [_thread_blocked, id=29600, stack(0x000000ffd4900000,0x000000ffd4a00000) (1024K)]
  0x0000027155976000 JavaThread "Daemon"                            [_thread_blocked, id=17228, stack(0x000000ffd4a00000,0x000000ffd4b00000) (1024K)]
  0x0000027155976670 JavaThread "Handler for socket connection from /127.0.0.1:56885 to /127.0.0.1:56886"        [_thread_in_native, id=24280, stack(0x000000ffd4b00000,0x000000ffd4c00000) (1024K)]
  0x0000027155cf9b40 JavaThread "Cancel handler"                    [_thread_blocked, id=8676, stack(0x000000ffd4c00000,0x000000ffd4d00000) (1024K)]
  0x0000027155cf8100 JavaThread "Daemon worker"                     [_thread_in_vm, id=28372, stack(0x000000ffd4d00000,0x000000ffd4e00000) (1024K)]
  0x0000027155cfa1d0 JavaThread "Asynchronous log dispatcher for DefaultDaemonConnection: socket connection from /127.0.0.1:56885 to /127.0.0.1:56886"        [_thread_blocked, id=24800, stack(0x000000ffd4e00000,0x000000ffd4f00000) (1024K)]
  0x0000027155cf94b0 JavaThread "Stdin handler"                     [_thread_blocked, id=18760, stack(0x000000ffd4f00000,0x000000ffd5000000) (1024K)]
  0x0000027155cfa860 JavaThread "Daemon client event forwarder"        [_thread_blocked, id=27476, stack(0x000000ffd5000000,0x000000ffd5100000) (1024K)]
Total: 23

Other Threads:
  0x000002717ea40c10 VMThread "VM Thread"                           [id=30760, stack(0x000000ffd3600000,0x000000ffd3700000) (1024K)]
  0x000002717ea2d670 WatcherThread "VM Periodic Task Thread"        [id=24472, stack(0x000000ffd3500000,0x000000ffd3600000) (1024K)]
  0x000002716ea573f0 WorkerThread "GC Thread#0"                     [id=21376, stack(0x000000ffd3000000,0x000000ffd3100000) (1024K)]
  0x0000027154bded40 WorkerThread "GC Thread#1"                     [id=28328, stack(0x000000ffd4200000,0x000000ffd4300000) (1024K)]
  0x0000027154ae67d0 WorkerThread "GC Thread#2"                     [id=31624, stack(0x000000ffd4300000,0x000000ffd4400000) (1024K)]
  0x0000027154ae6b80 WorkerThread "GC Thread#3"                     [id=23964, stack(0x000000ffd4400000,0x000000ffd4500000) (1024K)]
  0x0000027155d8bbd0 WorkerThread "GC Thread#4"                     [id=19784, stack(0x000000ffd4600000,0x000000ffd4700000) (1024K)]
  0x000002716ea69a20 ConcurrentGCThread "G1 Main Marker"            [id=24492, stack(0x000000ffd3100000,0x000000ffd3200000) (1024K)]
  0x000002716ea6a530 WorkerThread "G1 Conc#0"                       [id=14960, stack(0x000000ffd3200000,0x000000ffd3300000) (1024K)]
  0x000002716eaa9c20 ConcurrentGCThread "G1 Refine#0"               [id=2612, stack(0x000000ffd3300000,0x000000ffd3400000) (1024K)]
  0x000002716eaac3c0 ConcurrentGCThread "G1 Service"                [id=12376, stack(0x000000ffd3400000,0x000000ffd3500000) (1024K)]
Total: 11

Threads with active compile tasks:
C2 CompilerThread0  2699 2243       4       jdk.internal.org.objectweb.asm.Frame::execute (2305 bytes)
Total: 1

VM state: not at safepoint (normal execution)

VM Mutex/Monitor currently owned by a thread: None

Heap address: 0x0000000700000000, size: 4096 MB, Compressed Oops mode: Zero based, Oop shift amount: 3

CDS archive(s) mapped at: [0x000002710f000000-0x000002710fc60000-0x000002710fc60000), size 12976128, SharedBaseAddress: 0x000002710f000000, ArchiveRelocationMode: 1.
Compressed class space mapped at: 0x0000027110000000-0x0000027150000000, reserved size: 1073741824
Narrow klass base: 0x000002710f000000, Narrow klass shift: 0, Narrow klass range: 0x41000000

GC Precious Log:
 CardTable entry size: 512
 Card Set container configuration: InlinePtr #cards 4 size 8 Array Of Cards #cards 16 size 48 Howl #buckets 8 coarsen threshold 3686 Howl Bitmap #cards 512 size 80 coarsen threshold 460 Card regions per heap region 1 cards per card region 4096
 CPUs: 16 total, 16 available
 Memory: 5989M
 Large Page Support: Disabled
 NUMA Support: Disabled
 Compressed Oops: Enabled (Zero based)
 Heap Region Size: 2M
 Heap Min Capacity: 8M
 Heap Initial Capacity: 94M
 Heap Max Capacity: 4G
 Pre-touch: Disabled
 Parallel Workers: 13
 Concurrent Workers: 3
 Concurrent Refinement Workers: 13
 Periodic GC: Disabled

Heap:
 garbage-first heap   total reserved 4194304K, committed 96256K, used 41397K [0x0000000700000000, 0x0000000800000000)
  region size 2048K, 17 young (34816K), 3 survivors (6144K)
 Metaspace       used 10273K, committed 10560K, reserved 1114112K
  class space    used 1414K, committed 1536K, reserved 1048576K

Heap Regions: E=young(eden), S=young(survivor), O=old, HS=humongous(starts), HC=humongous(continues), CS=collection set, F=free, TAMS=top-at-mark-start, PB=parsable bottom
|   0|0x0000000700000000, 0x0000000700200000, 0x0000000700200000|100%|HS|  |TAMS 0x0000000700000000| PB 0x0000000700000000| Complete |  0
|   1|0x0000000700200000, 0x0000000700400000, 0x0000000700400000|100%|HC|  |TAMS 0x0000000700200000| PB 0x0000000700200000| Complete |  0
|   2|0x0000000700400000, 0x0000000700600000, 0x0000000700600000|100%| O|  |TAMS 0x0000000700400000| PB 0x0000000700400000| Untracked |  0
|   3|0x0000000700600000, 0x0000000700800000, 0x0000000700800000|100%| O|  |TAMS 0x0000000700600000| PB 0x0000000700600000| Untracked |  0
|   4|0x0000000700800000, 0x00000007009e1728, 0x0000000700a00000| 94%| O|  |TAMS 0x0000000700800000| PB 0x0000000700800000| Untracked |  0
|   5|0x0000000700a00000, 0x0000000700a00000, 0x0000000700c00000|  0%| F|  |TAMS 0x0000000700a00000| PB 0x0000000700a00000| Untracked |  0
|   6|0x0000000700c00000, 0x0000000700c00000, 0x0000000700e00000|  0%| F|  |TAMS 0x0000000700c00000| PB 0x0000000700c00000| Untracked |  0
|   7|0x0000000700e00000, 0x0000000700e00000, 0x0000000701000000|  0%| F|  |TAMS 0x0000000700e00000| PB 0x0000000700e00000| Untracked |  0
|   8|0x0000000701000000, 0x0000000701000000, 0x0000000701200000|  0%| F|  |TAMS 0x0000000701000000| PB 0x0000000701000000| Untracked |  0
|   9|0x0000000701200000, 0x0000000701200000, 0x0000000701400000|  0%| F|  |TAMS 0x0000000701200000| PB 0x0000000701200000| Untracked |  0
|  10|0x0000000701400000, 0x0000000701400000, 0x0000000701600000|  0%| F|  |TAMS 0x0000000701400000| PB 0x0000000701400000| Untracked |  0
|  11|0x0000000701600000, 0x0000000701600000, 0x0000000701800000|  0%| F|  |TAMS 0x0000000701600000| PB 0x0000000701600000| Untracked |  0
|  12|0x0000000701800000, 0x0000000701800000, 0x0000000701a00000|  0%| F|  |TAMS 0x0000000701800000| PB 0x0000000701800000| Untracked |  0
|  13|0x0000000701a00000, 0x0000000701a00000, 0x0000000701c00000|  0%| F|  |TAMS 0x0000000701a00000| PB 0x0000000701a00000| Untracked |  0
|  14|0x0000000701c00000, 0x0000000701c00000, 0x0000000701e00000|  0%| F|  |TAMS 0x0000000701c00000| PB 0x0000000701c00000| Untracked |  0
|  15|0x0000000701e00000, 0x0000000701e00000, 0x0000000702000000|  0%| F|  |TAMS 0x0000000701e00000| PB 0x0000000701e00000| Untracked |  0
|  16|0x0000000702000000, 0x0000000702000000, 0x0000000702200000|  0%| F|  |TAMS 0x0000000702000000| PB 0x0000000702000000| Untracked |  0
|  17|0x0000000702200000, 0x0000000702200000, 0x0000000702400000|  0%| F|  |TAMS 0x0000000702200000| PB 0x0000000702200000| Untracked |  0
|  18|0x0000000702400000, 0x0000000702400000, 0x0000000702600000|  0%| F|  |TAMS 0x0000000702400000| PB 0x0000000702400000| Untracked |  0
|  19|0x0000000702600000, 0x0000000702600000, 0x0000000702800000|  0%| F|  |TAMS 0x0000000702600000| PB 0x0000000702600000| Untracked |  0
|  20|0x0000000702800000, 0x0000000702800000, 0x0000000702a00000|  0%| F|  |TAMS 0x0000000702800000| PB 0x0000000702800000| Untracked |  0
|  21|0x0000000702a00000, 0x0000000702a00000, 0x0000000702c00000|  0%| F|  |TAMS 0x0000000702a00000| PB 0x0000000702a00000| Untracked |  0
|  22|0x0000000702c00000, 0x0000000702c00000, 0x0000000702e00000|  0%| F|  |TAMS 0x0000000702c00000| PB 0x0000000702c00000| Untracked |  0
|  23|0x0000000702e00000, 0x0000000702e00000, 0x0000000703000000|  0%| F|  |TAMS 0x0000000702e00000| PB 0x0000000702e00000| Untracked |  0
|  24|0x0000000703000000, 0x0000000703000000, 0x0000000703200000|  0%| F|  |TAMS 0x0000000703000000| PB 0x0000000703000000| Untracked |  0
|  25|0x0000000703200000, 0x0000000703200000, 0x0000000703400000|  0%| F|  |TAMS 0x0000000703200000| PB 0x0000000703200000| Untracked |  0
|  26|0x0000000703400000, 0x0000000703400000, 0x0000000703600000|  0%| F|  |TAMS 0x0000000703400000| PB 0x0000000703400000| Untracked |  0
|  27|0x0000000703600000, 0x000000070368be60, 0x0000000703800000| 27%| S|CS|TAMS 0x0000000703600000| PB 0x0000000703600000| Complete |  0
|  28|0x0000000703800000, 0x0000000703a00000, 0x0000000703a00000|100%| S|CS|TAMS 0x0000000703800000| PB 0x0000000703800000| Complete |  0
|  29|0x0000000703a00000, 0x0000000703c00000, 0x0000000703c00000|100%| S|CS|TAMS 0x0000000703a00000| PB 0x0000000703a00000| Complete |  0
|  30|0x0000000703c00000, 0x0000000703c00000, 0x0000000703e00000|  0%| F|  |TAMS 0x0000000703c00000| PB 0x0000000703c00000| Untracked |  0
|  31|0x0000000703e00000, 0x0000000703e00000, 0x0000000704000000|  0%| F|  |TAMS 0x0000000703e00000| PB 0x0000000703e00000| Untracked |  0
|  32|0x0000000704000000, 0x0000000704000000, 0x0000000704200000|  0%| F|  |TAMS 0x0000000704000000| PB 0x0000000704000000| Untracked |  0
|  33|0x0000000704200000, 0x0000000704240070, 0x0000000704400000| 12%| E|  |TAMS 0x0000000704200000| PB 0x0000000704200000| Complete |  0
|  34|0x0000000704400000, 0x0000000704600000, 0x0000000704600000|100%| E|CS|TAMS 0x0000000704400000| PB 0x0000000704400000| Complete |  0
|  35|0x0000000704600000, 0x0000000704800000, 0x0000000704800000|100%| E|CS|TAMS 0x0000000704600000| PB 0x0000000704600000| Complete |  0
|  36|0x0000000704800000, 0x0000000704a00000, 0x0000000704a00000|100%| E|CS|TAMS 0x0000000704800000| PB 0x0000000704800000| Complete |  0
|  37|0x0000000704a00000, 0x0000000704c00000, 0x0000000704c00000|100%| E|CS|TAMS 0x0000000704a00000| PB 0x0000000704a00000| Complete |  0
|  38|0x0000000704c00000, 0x0000000704e00000, 0x0000000704e00000|100%| E|CS|TAMS 0x0000000704c00000| PB 0x0000000704c00000| Complete |  0
|  39|0x0000000704e00000, 0x0000000705000000, 0x0000000705000000|100%| E|CS|TAMS 0x0000000704e00000| PB 0x0000000704e00000| Complete |  0
|  40|0x0000000705000000, 0x0000000705200000, 0x0000000705200000|100%| E|CS|TAMS 0x0000000705000000| PB 0x0000000705000000| Complete |  0
|  41|0x0000000705200000, 0x0000000705400000, 0x0000000705400000|100%| E|CS|TAMS 0x0000000705200000| PB 0x0000000705200000| Complete |  0
|  42|0x0000000705400000, 0x0000000705600000, 0x0000000705600000|100%| E|CS|TAMS 0x0000000705400000| PB 0x0000000705400000| Complete |  0
|  43|0x0000000705600000, 0x0000000705800000, 0x0000000705800000|100%| E|CS|TAMS 0x0000000705600000| PB 0x0000000705600000| Complete |  0
|  44|0x0000000705800000, 0x0000000705a00000, 0x0000000705a00000|100%| E|CS|TAMS 0x0000000705800000| PB 0x0000000705800000| Complete |  0
|  45|0x0000000705a00000, 0x0000000705c00000, 0x0000000705c00000|100%| E|CS|TAMS 0x0000000705a00000| PB 0x0000000705a00000| Complete |  0
|  46|0x0000000705c00000, 0x0000000705e00000, 0x0000000705e00000|100%| E|CS|TAMS 0x0000000705c00000| PB 0x0000000705c00000| Complete |  0

Card table byte_map: [0x0000027177dd0000,0x00000271785d0000] _byte_map_base: 0x00000271745d0000

Marking Bits: (CMBitMap*) 0x000002716ea58f10
 Bits: [0x00000271785d0000, 0x000002717c5d0000)

Polling page: 0x000002716c9d0000

Metaspace:

Usage:
  Non-class:      8.66 MB used.
      Class:      1.38 MB used.
       Both:     10.04 MB used.

Virtual space:
  Non-class space:       64.00 MB reserved,       8.81 MB ( 14%) committed,  1 nodes.
      Class space:        1.00 GB reserved,       1.50 MB ( <1%) committed,  1 nodes.
             Both:        1.06 GB reserved,      10.31 MB ( <1%) committed. 

Chunk freelists:
   Non-Class:  7.19 MB
       Class:  14.44 MB
        Both:  21.63 MB

MaxMetaspaceSize: unlimited
CompressedClassSpaceSize: 1.00 GB
Initial GC threshold: 21.00 MB
Current GC threshold: 21.00 MB
CDS: on
 - commit_granule_bytes: 65536.
 - commit_granule_words: 8192.
 - virtual_space_node_default_size: 8388608.
 - enlarge_chunks_in_place: 1.
 - use_allocation_guard: 0.


Internal statistics:

num_allocs_failed_limit: 0.
num_arena_births: 282.
num_arena_deaths: 0.
num_vsnodes_births: 2.
num_vsnodes_deaths: 0.
num_space_committed: 165.
num_space_uncommitted: 0.
num_chunks_returned_to_freelist: 0.
num_chunks_taken_from_freelist: 570.
num_chunk_merges: 0.
num_chunk_splits: 370.
num_chunks_enlarged: 260.
num_inconsistent_stats: 0.

CodeHeap 'non-profiled nmethods': size=119168Kb used=933Kb max_used=933Kb free=118234Kb
 bounds [0x0000027107ba0000, 0x0000027107e10000, 0x000002710f000000]
CodeHeap 'profiled nmethods': size=119104Kb used=4708Kb max_used=4708Kb free=114395Kb
 bounds [0x0000027100000000, 0x00000271004a0000, 0x0000027107450000]
CodeHeap 'non-nmethods': size=7488Kb used=2580Kb max_used=2592Kb free=4907Kb
 bounds [0x0000027107450000, 0x00000271076e0000, 0x0000027107ba0000]
 total_blobs=2859 nmethods=2319 adapters=442
 compilation: enabled
              stopped_count=0, restarted_count=0
 full_count=0

Compilation events (20 events):
Event: 2.269 Thread 0x000002717ea74680 2241       4       java.util.ImmutableCollections$ListN::get (7 bytes)
Event: 2.269 Thread 0x000002717ea77d60 nmethod 2239 0x0000027100467590 code [0x00000271004677a0, 0x0000027100467f80]
Event: 2.269 Thread 0x000002715419de90 nmethod 2240 0x0000027100468310 code [0x00000271004684c0, 0x00000271004686f8]
Event: 2.269 Thread 0x000002717ea77d60 2236       3       java.lang.invoke.MethodHandleImpl::makePairwiseConvert (8 bytes)
Event: 2.270 Thread 0x000002715419de90 2237       3       java.lang.invoke.MethodHandleImpl::makePairwiseConvert (22 bytes)
Event: 2.270 Thread 0x000002717ea77d60 nmethod 2236 0x0000027100468810 code [0x00000271004689c0, 0x0000027100468ae0]
Event: 2.270 Thread 0x000002717ea77d60 2242       3       java.lang.invoke.LambdaFormBuffer::growNames (281 bytes)
Event: 2.270 Thread 0x000002715419de90 nmethod 2237 0x0000027100468b90 code [0x0000027100468d40, 0x0000027100468f50]
Event: 2.270 Thread 0x000002717ea74680 nmethod 2241 0x0000027107c85290 code [0x0000027107c85420, 0x0000027107c854f8]
Event: 2.270 Thread 0x000002717ea77d60 nmethod 2242 0x0000027100469010 code [0x00000271004692a0, 0x000002710046a2c0]
Event: 2.271 Thread 0x000002717ea74680 2243       4       jdk.internal.org.objectweb.asm.Frame::execute (2305 bytes)
Event: 2.275 Thread 0x0000027154ae8f70 nmethod 2238 0x000002710046a810 code [0x000002710046b000, 0x0000027100470040]
Event: 2.276 Thread 0x0000027154ae8f70 2247       3       java.lang.invoke.DelegatingMethodHandle::makeReinvokerForm (10 bytes)
Event: 2.276 Thread 0x000002715419de90 2249       3       java.lang.invoke.DelegatingMethodHandle::whichKind (44 bytes)
Event: 2.276 Thread 0x000002717ea77d60 2248       3       java.lang.invoke.DelegatingMethodHandle::makeReinvokerForm (326 bytes)
Event: 2.276 Thread 0x000002715419de90 nmethod 2249 0x0000027100471f10 code [0x00000271004720c0, 0x0000027100472298]
Event: 2.276 Thread 0x0000027154ae8f70 nmethod 2247 0x0000027100472310 code [0x00000271004724c0, 0x00000271004725e8]
Event: 2.277 Thread 0x0000027154ae8f70 2250       3       java.lang.invoke.LambdaFormBuffer::insertName (106 bytes)
Event: 2.278 Thread 0x0000027154ae8f70 nmethod 2250 0x0000027100472690 code [0x0000027100472840, 0x0000027100472a68]
Event: 2.278 Thread 0x000002717ea77d60 nmethod 2248 0x0000027100472b10 code [0x0000027100472ec0, 0x0000027100474ca0]

GC Heap History (4 events):
Event: 0.792 GC heap before
{Heap before GC invocations=0 (full 0):
 garbage-first heap   total reserved 4194304K, committed 96256K, used 26624K [0x0000000700000000, 0x0000000800000000)
  region size 2048K, 12 young (24576K), 0 survivors (0K)
 Metaspace       used 3110K, committed 3264K, reserved 1114112K
  class space    used 389K, committed 448K, reserved 1048576K
}
Event: 0.805 GC heap after
{Heap after GC invocations=1 (full 0):
 garbage-first heap   total reserved 4194304K, committed 96256K, used 10076K [0x0000000700000000, 0x0000000800000000)
  region size 2048K, 2 young (4096K), 2 survivors (4096K)
 Metaspace       used 3110K, committed 3264K, reserved 1114112K
  class space    used 389K, committed 448K, reserved 1048576K
}
Event: 1.289 GC heap before
{Heap before GC invocations=1 (full 0):
 garbage-first heap   total reserved 4194304K, committed 96256K, used 38748K [0x0000000700000000, 0x0000000800000000)
  region size 2048K, 17 young (34816K), 2 survivors (4096K)
 Metaspace       used 4028K, committed 4224K, reserved 1114112K
  class space    used 486K, committed 576K, reserved 1048576K
}
Event: 1.321 GC heap after
{Heap after GC invocations=2 (full 0):
 garbage-first heap   total reserved 4194304K, committed 96256K, used 14773K [0x0000000700000000, 0x0000000800000000)
  region size 2048K, 3 young (6144K), 3 survivors (6144K)
 Metaspace       used 4028K, committed 4224K, reserved 1114112K
  class space    used 486K, committed 576K, reserved 1048576K
}

Dll operation events (13 events):
Event: 0.009 Loaded shared library C:\Program Files\Java\jdk-22\bin\java.dll
Event: 0.055 Loaded shared library C:\Program Files\Java\jdk-22\bin\jsvml.dll
Event: 0.091 Loaded shared library C:\Program Files\Java\jdk-22\bin\net.dll
Event: 0.093 Loaded shared library C:\Program Files\Java\jdk-22\bin\nio.dll
Event: 0.097 Loaded shared library C:\Program Files\Java\jdk-22\bin\zip.dll
Event: 0.326 Loaded shared library C:\Program Files\Java\jdk-22\bin\jimage.dll
Event: 0.388 Loaded shared library C:\Program Files\Java\jdk-22\bin\verify.dll
Event: 0.574 Loaded shared library C:\Users\diand\.gradle\native\c067742578af261105cb4f569cf0c3c89f3d7b1fecec35dd04571415982c5e48\windows-amd64\native-platform.dll
Event: 0.634 Loaded shared library C:\Users\diand\.gradle\native\38dada09dfb8b06ba9b0570ebf7e218e3eb74d4ef43ca46872605cf95ebc2f47\windows-amd64\native-platform-file-events.dll
Event: 1.572 Loaded shared library C:\Program Files\Java\jdk-22\bin\management.dll
Event: 1.576 Loaded shared library C:\Program Files\Java\jdk-22\bin\management_ext.dll
Event: 1.840 Loaded shared library C:\Program Files\Java\jdk-22\bin\extnet.dll
Event: 2.096 Loaded shared library C:\Program Files\Java\jdk-22\bin\sunmscapi.dll

Deoptimization events (20 events):
Event: 2.028 Thread 0x00000271555dfb40 Uncommon trap: trap_request=0xffffffc6 fr.pc=0x0000027107c5183c relative=0x00000000000002dc
Event: 2.028 Thread 0x00000271555dfb40 Uncommon trap: reason=bimorphic_or_optimized_type_check action=maybe_recompile pc=0x0000027107c5183c method=java.util.HashMap.getNode(Ljava/lang/Object;)Ljava/util/HashMap$Node; @ 128 c2
Event: 2.028 Thread 0x00000271555dfb40 DEOPT PACKING pc=0x0000027107c5183c sp=0x000000ffd48fcca0
Event: 2.028 Thread 0x00000271555dfb40 DEOPT UNPACKING pc=0x00000271074a46a2 sp=0x000000ffd48fcba8 mode 2
Event: 2.129 Thread 0x00000271555dfb40 Uncommon trap: trap_request=0xffffffc6 fr.pc=0x0000027107c1b6b8 relative=0x0000000000000098
Event: 2.129 Thread 0x00000271555dfb40 Uncommon trap: reason=bimorphic_or_optimized_type_check action=maybe_recompile pc=0x0000027107c1b6b8 method=java.util.AbstractList$Itr.hasNext()Z @ 8 c2
Event: 2.129 Thread 0x00000271555dfb40 DEOPT PACKING pc=0x0000027107c1b6b8 sp=0x000000ffd48fddd0
Event: 2.129 Thread 0x00000271555dfb40 DEOPT UNPACKING pc=0x00000271074a46a2 sp=0x000000ffd48fdd68 mode 2
Event: 2.129 Thread 0x00000271555dfb40 Uncommon trap: trap_request=0xffffffc6 fr.pc=0x0000027107c1bb34 relative=0x0000000000000174
Event: 2.129 Thread 0x00000271555dfb40 Uncommon trap: reason=bimorphic_or_optimized_type_check action=maybe_recompile pc=0x0000027107c1bb34 method=java.util.AbstractList$Itr.next()Ljava/lang/Object; @ 14 c2
Event: 2.129 Thread 0x00000271555dfb40 DEOPT PACKING pc=0x0000027107c1bb34 sp=0x000000ffd48fddc0
Event: 2.129 Thread 0x00000271555dfb40 DEOPT UNPACKING pc=0x00000271074a46a2 sp=0x000000ffd48fdd58 mode 2
Event: 2.198 Thread 0x0000027155cf8100 Uncommon trap: trap_request=0xffffff6e fr.pc=0x0000027107c4a3ac relative=0x00000000000003ec
Event: 2.198 Thread 0x0000027155cf8100 Uncommon trap: reason=loop_limit_check action=maybe_recompile pc=0x0000027107c4a3ac method=java.lang.StringLatin1.indexOf([BI[BII)I @ 37 c2
Event: 2.198 Thread 0x0000027155cf8100 DEOPT PACKING pc=0x0000027107c4a3ac sp=0x000000ffd4dff1f0
Event: 2.198 Thread 0x0000027155cf8100 DEOPT UNPACKING pc=0x00000271074a46a2 sp=0x000000ffd4dff178 mode 2
Event: 2.249 Thread 0x0000027155cf8100 Uncommon trap: trap_request=0xffffff45 fr.pc=0x0000027107c7468c relative=0x000000000000164c
Event: 2.249 Thread 0x0000027155cf8100 Uncommon trap: reason=unstable_if action=reinterpret pc=0x0000027107c7468c method=java.util.concurrent.ConcurrentHashMap.transfer([Ljava/util/concurrent/ConcurrentHashMap$Node;[Ljava/util/concurrent/ConcurrentHashMap$Node;)V @ 26 c2
Event: 2.249 Thread 0x0000027155cf8100 DEOPT PACKING pc=0x0000027107c7468c sp=0x000000ffd4dfd220
Event: 2.249 Thread 0x0000027155cf8100 DEOPT UNPACKING pc=0x00000271074a46a2 sp=0x000000ffd4dfd190 mode 2

Classes loaded (20 events):
Event: 2.198 Loading class java/util/Collections$UnmodifiableMap$UnmodifiableEntrySet$1
Event: 2.198 Loading class java/util/Collections$UnmodifiableMap$UnmodifiableEntrySet$1 done
Event: 2.198 Loading class java/util/Collections$UnmodifiableMap$UnmodifiableEntrySet$UnmodifiableEntry
Event: 2.198 Loading class java/util/Collections$UnmodifiableMap$UnmodifiableEntrySet$UnmodifiableEntry done
Event: 2.201 Loading class java/lang/invoke/DirectMethodHandle$StaticAccessor
Event: 2.202 Loading class java/lang/invoke/DirectMethodHandle$StaticAccessor done
Event: 2.206 Loading class java/util/concurrent/CountDownLatch$Sync
Event: 2.206 Loading class java/util/concurrent/CountDownLatch$Sync done
Event: 2.207 Loading class jdk/internal/event/ThreadSleepEvent
Event: 2.207 Loading class java/math/MathContext
Event: 2.207 Loading class jdk/internal/event/ThreadSleepEvent done
Event: 2.208 Loading class java/math/MathContext done
Event: 2.208 Loading class java/math/BigDecimal
Event: 2.210 Loading class java/math/BigDecimal done
Event: 2.211 Loading class java/io/PipedOutputStream
Event: 2.213 Loading class java/io/PipedOutputStream done
Event: 2.213 Loading class java/io/PipedInputStream
Event: 2.215 Loading class java/io/PipedInputStream done
Event: 2.272 Loading class java/util/function/LongSupplier
Event: 2.273 Loading class java/util/function/LongSupplier done

Classes unloaded (0 events):
No events

Classes redefined (0 events):
No events

Internal exceptions (20 events):
Event: 0.532 Thread 0x000002716c6e4940 Exception <a 'java/lang/NoSuchMethodError'{0x0000000704dcc170}: 'java.lang.Object java.lang.invoke.DirectMethodHandle$Holder.invokeVirtual(java.lang.Object, java.lang.Object, java.lang.Object, java.lang.Object, java.lang.Object, java.lang.Object, java.lang.Object)'> (0x0000000704dcc170) 
thrown [s\open\src\hotspot\share\interpreter\linkResolver.cpp, line 774]
Event: 0.535 Thread 0x000002716c6e4940 Exception <a 'java/lang/NoSuchMethodError'{0x0000000704ddf488}: 'java.lang.Object java.lang.invoke.DirectMethodHandle$Holder.invokeStatic(java.lang.Object, java.lang.Object, int)'> (0x0000000704ddf488) 
thrown [s\open\src\hotspot\share\interpreter\linkResolver.cpp, line 774]
Event: 0.537 Thread 0x000002716c6e4940 Exception <a 'java/lang/NoSuchMethodError'{0x0000000704dead20}: 'void java.lang.invoke.DelegatingMethodHandle$Holder.delegate(java.lang.Object, java.lang.Object, int, java.lang.Object)'> (0x0000000704dead20) 
thrown [s\open\src\hotspot\share\interpreter\linkResolver.cpp, line 774]
Event: 0.538 Thread 0x000002716c6e4940 Exception <a 'java/lang/NoSuchMethodError'{0x0000000704deec20}: 'int java.lang.invoke.DirectMethodHandle$Holder.invokeSpecial(java.lang.Object, java.lang.Object, java.lang.Object)'> (0x0000000704deec20) 
thrown [s\open\src\hotspot\share\interpreter\linkResolver.cpp, line 774]
Event: 0.729 Thread 0x000002716c6e4940 Exception <a 'java/lang/NoSuchMethodError'{0x00000007049adc70}: 'java.lang.Object java.lang.invoke.DirectMethodHandle$Holder.invokeVirtual(java.lang.Object, java.lang.Object, java.lang.Object)'> (0x00000007049adc70) 
thrown [s\open\src\hotspot\share\interpreter\linkResolver.cpp, line 774]
Event: 0.825 Thread 0x000002716c6e4940 Exception <a 'java/lang/NoSuchMethodError'{0x0000000705cb1988}: 'java.lang.Object java.lang.invoke.DirectMethodHandle$Holder.invokeVirtual(java.lang.Object, java.lang.Object, java.lang.Object, java.lang.Object)'> (0x0000000705cb1988) 
thrown [s\open\src\hotspot\share\interpreter\linkResolver.cpp, line 774]
Event: 0.828 Thread 0x000002716c6e4940 Exception <a 'java/lang/NoSuchMethodError'{0x0000000705cc18f8}: 'java.lang.Object java.lang.invoke.Invokers$Holder.invokeExact_MT(java.lang.Object, java.lang.Object, java.lang.Object, java.lang.Object, java.lang.Object)'> (0x0000000705cc18f8) 
thrown [s\open\src\hotspot\share\interpreter\linkResolver.cpp, line 774]
Event: 0.895 Thread 0x000002716c6e4940 Exception <a 'java/lang/NoSuchMethodError'{0x0000000705a79378}: 'void java.lang.invoke.DirectMethodHandle$Holder.invokeInterface(java.lang.Object, java.lang.Object, java.lang.Object)'> (0x0000000705a79378) 
thrown [s\open\src\hotspot\share\interpreter\linkResolver.cpp, line 774]
Event: 1.334 Thread 0x000002716c6e4940 Exception <a 'java/lang/NoSuchMethodError'{0x0000000705d33b48}: 'void java.lang.invoke.DirectMethodHandle$Holder.invokeVirtual(java.lang.Object, java.lang.Object, java.lang.Object, java.lang.Object)'> (0x0000000705d33b48) 
thrown [s\open\src\hotspot\share\interpreter\linkResolver.cpp, line 774]
Event: 1.334 Thread 0x000002716c6e4940 Exception <a 'java/lang/NoSuchMethodError'{0x0000000705d37c78}: 'void java.lang.invoke.DirectMethodHandle$Holder.invokeSpecial(java.lang.Object, java.lang.Object, java.lang.Object, java.lang.Object, java.lang.Object)'> (0x0000000705d37c78) 
thrown [s\open\src\hotspot\share\interpreter\linkResolver.cpp, line 774]
Event: 1.619 Thread 0x000002716c6e4940 Exception <a 'java/lang/NoSuchMethodError'{0x0000000705538950}: 'java.lang.Object java.lang.invoke.DirectMethodHandle$Holder.invokeVirtual(java.lang.Object, java.lang.Object, java.lang.Object, java.lang.Object, java.lang.Object)'> (0x0000000705538950) 
thrown [s\open\src\hotspot\share\interpreter\linkResolver.cpp, line 774]
Event: 1.622 Thread 0x000002716c6e4940 Exception <a 'java/lang/NoSuchMethodError'{0x000000070554baf0}: 'java.lang.Object java.lang.invoke.Invokers$Holder.invokeExact_MT(java.lang.Object, java.lang.Object, java.lang.Object, java.lang.Object, java.lang.Object, java.lang.Object)'> (0x000000070554baf0) 
thrown [s\open\src\hotspot\share\interpreter\linkResolver.cpp, line 774]
Event: 1.696 Thread 0x000002716c6e4940 Exception <a 'java/lang/NoSuchMethodError'{0x0000000705302778}: 'java.lang.Object java.lang.invoke.DirectMethodHandle$Holder.invokeVirtual(java.lang.Object, java.lang.Object, java.lang.Object, java.lang.Object, java.lang.Object, java.lang.Object)'> (0x0000000705302778) 
thrown [s\open\src\hotspot\share\interpreter\linkResolver.cpp, line 774]
Event: 1.704 Thread 0x000002716c6e4940 Exception <a 'java/lang/NoSuchMethodError'{0x0000000705350ea0}: 'java.lang.Object java.lang.invoke.DirectMethodHandle$Holder.invokeVirtual(java.lang.Object, java.lang.Object, java.lang.Object, java.lang.Object, java.lang.Object, java.lang.Object, java.lang.Object, java.lang.Object)'> (0x0000000705350ea0) 
thrown [s\open\src\hotspot\share\interpreter\linkResolver.cpp, line 774]
Event: 1.798 Thread 0x000002716c6e4940 Exception <a 'java/lang/NoSuchMethodError'{0x0000000704e1a0e8}: 'java.lang.Object java.lang.invoke.DirectMethodHandle$Holder.invokeStaticInit(java.lang.Object, int, int, int, int)'> (0x0000000704e1a0e8) 
thrown [s\open\src\hotspot\share\interpreter\linkResolver.cpp, line 774]
Event: 1.822 Thread 0x000002716c6e4940 Exception <a 'java/lang/NoSuchMethodError'{0x0000000704edc318}: 'java.lang.Object java.lang.invoke.DirectMethodHandle$Holder.invokeStaticInit(java.lang.Object, java.lang.Object, int, int, int, int)'> (0x0000000704edc318) 
thrown [s\open\src\hotspot\share\interpreter\linkResolver.cpp, line 774]
Event: 1.913 Thread 0x000002716c6e4940 Exception <a 'java/lang/NoSuchMethodError'{0x0000000704c7a428}: 'void java.lang.invoke.DirectMethodHandle$Holder.invokeStatic(java.lang.Object, java.lang.Object, java.lang.Object)'> (0x0000000704c7a428) 
thrown [s\open\src\hotspot\share\interpreter\linkResolver.cpp, line 774]
Event: 1.943 Thread 0x000002716c6e4940 Exception <a 'java/io/IOException'{0x0000000704d16e10}> (0x0000000704d16e10) 
thrown [s\open\src\hotspot\share\prims\jni.cpp, line 520]
Event: 2.273 Thread 0x0000027155cf8100 Exception <a 'java/lang/NoSuchMethodError'{0x00000007046e7a78}: 'long java.lang.invoke.DirectMethodHandle$Holder.invokeInterface(java.lang.Object, java.lang.Object)'> (0x00000007046e7a78) 
thrown [s\open\src\hotspot\share\interpreter\linkResolver.cpp, line 774]
Event: 2.275 Thread 0x0000027155cf8100 Exception <a 'java/lang/NoSuchMethodError'{0x00000007046f41e0}: 'void java.lang.invoke.DelegatingMethodHandle$Holder.reinvoke_L(java.lang.Object, java.lang.Object, java.lang.Object, java.lang.Object, java.lang.Object, java.lang.Object, java.lang.Object)'> (0x00000007046f41e0) 
thrown [s\open\src\hotspot\share\interpreter\linkResolver.cpp, line 774]

ZGC Phase Switch (0 events):
No events

VM Operations (20 events):
Event: 1.563 Executing VM operation: HandshakeAllThreads (Deoptimize)
Event: 1.563 Executing VM operation: HandshakeAllThreads (Deoptimize) done
Event: 1.600 Executing VM operation: HandshakeAllThreads (Deoptimize)
Event: 1.600 Executing VM operation: HandshakeAllThreads (Deoptimize) done
Event: 1.631 Executing VM operation: HandshakeAllThreads (Deoptimize)
Event: 1.631 Executing VM operation: HandshakeAllThreads (Deoptimize) done
Event: 1.631 Executing VM operation: HandshakeAllThreads (Deoptimize)
Event: 1.631 Executing VM operation: HandshakeAllThreads (Deoptimize) done
Event: 1.716 Executing VM operation: HandshakeAllThreads (Deoptimize)
Event: 1.716 Executing VM operation: HandshakeAllThreads (Deoptimize) done
Event: 1.752 Executing VM operation: HandshakeAllThreads (Deoptimize)
Event: 1.752 Executing VM operation: HandshakeAllThreads (Deoptimize) done
Event: 1.770 Executing VM operation: HandshakeAllThreads (Deoptimize)
Event: 1.770 Executing VM operation: HandshakeAllThreads (Deoptimize) done
Event: 1.811 Executing VM operation: HandshakeAllThreads (Deoptimize)
Event: 1.811 Executing VM operation: HandshakeAllThreads (Deoptimize) done
Event: 2.026 Executing VM operation: HandshakeAllThreads (Deoptimize)
Event: 2.026 Executing VM operation: HandshakeAllThreads (Deoptimize) done
Event: 2.032 Executing VM operation: ICBufferFull
Event: 2.032 Executing VM operation: ICBufferFull done

Memory protections (0 events):
No events

Nmethod flushes (0 events):
No events

Events (20 events):
Event: 0.053 Thread 0x000002716c6e4940 Thread added: 0x000002717ea63210
Event: 0.053 Thread 0x000002716c6e4940 Thread added: 0x000002717ea63880
Event: 0.053 Thread 0x000002716c6e4940 Thread added: 0x000002717ea64020
Event: 0.053 Thread 0x000002716c6e4940 Thread added: 0x000002717ea706b0
Event: 0.053 Thread 0x000002716c6e4940 Thread added: 0x000002717ea74680
Event: 0.053 Thread 0x000002716c6e4940 Thread added: 0x000002717ea77d60
Event: 0.066 Thread 0x000002717ea77d60 Thread added: 0x000002715419de90
Event: 0.081 Thread 0x000002716c6e4940 Thread added: 0x0000027154215910
Event: 0.084 Thread 0x000002716c6e4940 Thread added: 0x0000027154216d70
Event: 1.074 Thread 0x000002715419de90 Thread added: 0x0000027154ae8f70
Event: 1.632 Thread 0x000002716c6e4940 Thread added: 0x0000027155995120
Event: 1.882 Thread 0x000002716c6e4940 Thread added: 0x00000271555dfb40
Event: 1.952 Thread 0x000002716c6e4940 Thread added: 0x0000027155c12f30
Event: 2.164 Thread 0x00000271555dfb40 Thread added: 0x0000027155976000
Event: 2.167 Thread 0x0000027155976000 Thread added: 0x0000027155976670
Event: 2.187 Thread 0x0000027155976000 Thread added: 0x0000027155cf9b40
Event: 2.196 Thread 0x0000027155976000 Thread added: 0x0000027155cf8100
Event: 2.207 Thread 0x0000027155cf8100 Thread added: 0x0000027155cfa1d0
Event: 2.215 Thread 0x0000027155cf8100 Thread added: 0x0000027155cf94b0
Event: 2.224 Thread 0x0000027155cf8100 Thread added: 0x0000027155cfa860


Dynamic libraries:
0x00007ff601e10000 - 0x00007ff601e20000 	C:\Program Files\Java\jdk-22\bin\java.exe
0x00007ffd3b8d0000 - 0x00007ffd3bae7000 	C:\WINDOWS\SYSTEM32\ntdll.dll
0x00007ffd39820000 - 0x00007ffd398e4000 	C:\WINDOWS\System32\KERNEL32.DLL
0x00007ffd390a0000 - 0x00007ffd39459000 	C:\WINDOWS\System32\KERNELBASE.dll
0x00007ffd38da0000 - 0x00007ffd38eb1000 	C:\WINDOWS\System32\ucrtbase.dll
0x00007ffd33900000 - 0x00007ffd33917000 	C:\Program Files\Java\jdk-22\bin\jli.dll
0x00007ffd0f560000 - 0x00007ffd0f57b000 	C:\Program Files\Java\jdk-22\bin\VCRUNTIME140.dll
0x00007ffd39e30000 - 0x00007ffd39fde000 	C:\WINDOWS\System32\USER32.dll
0x00007ffd18ef0000 - 0x00007ffd19182000 	C:\WINDOWS\WinSxS\amd64_microsoft.windows.common-controls_6595b64144ccf1df_6.0.22621.4391_none_2715d37f73803e96\COMCTL32.dll
0x00007ffd38bd0000 - 0x00007ffd38bf6000 	C:\WINDOWS\System32\win32u.dll
0x00007ffd3aa20000 - 0x00007ffd3aac7000 	C:\WINDOWS\System32\msvcrt.dll
0x00007ffd3a6b0000 - 0x00007ffd3a6d9000 	C:\WINDOWS\System32\GDI32.dll
0x00007ffd394d0000 - 0x00007ffd395eb000 	C:\WINDOWS\System32\gdi32full.dll
0x00007ffd39000000 - 0x00007ffd3909a000 	C:\WINDOWS\System32\msvcp_win.dll
0x00007ffd3a670000 - 0x00007ffd3a6a1000 	C:\WINDOWS\System32\IMM32.DLL
0x00007ffd2f280000 - 0x00007ffd2f28c000 	C:\Program Files\Java\jdk-22\bin\vcruntime140_1.dll
0x00007ffcf2c10000 - 0x00007ffcf2c9e000 	C:\Program Files\Java\jdk-22\bin\msvcp140.dll
0x00007ffc551b0000 - 0x00007ffc55ef9000 	C:\Program Files\Java\jdk-22\bin\server\jvm.dll
0x00007ffd3a7a0000 - 0x00007ffd3a852000 	C:\WINDOWS\System32\ADVAPI32.dll
0x00007ffd3abd0000 - 0x00007ffd3ac77000 	C:\WINDOWS\System32\sechost.dll
0x00007ffd38c00000 - 0x00007ffd38c28000 	C:\WINDOWS\System32\bcrypt.dll
0x00007ffd3a0c0000 - 0x00007ffd3a1d4000 	C:\WINDOWS\System32\RPCRT4.dll
0x00007ffd395f0000 - 0x00007ffd39661000 	C:\WINDOWS\System32\WS2_32.dll
0x00007ffd38aa0000 - 0x00007ffd38aed000 	C:\WINDOWS\SYSTEM32\POWRPROF.dll
0x00007ffd31be0000 - 0x00007ffd31c14000 	C:\WINDOWS\SYSTEM32\WINMM.dll
0x00007ffd2ff00000 - 0x00007ffd2ff0a000 	C:\WINDOWS\SYSTEM32\VERSION.dll
0x00007ffd38a80000 - 0x00007ffd38a93000 	C:\WINDOWS\SYSTEM32\UMPDC.dll
0x00007ffd37b70000 - 0x00007ffd37b88000 	C:\WINDOWS\SYSTEM32\kernel.appcore.dll
0x00007ffd11640000 - 0x00007ffd1164a000 	C:\Program Files\Java\jdk-22\bin\jimage.dll
0x00007ffd365b0000 - 0x00007ffd367e2000 	C:\WINDOWS\SYSTEM32\DBGHELP.DLL
0x00007ffd3a240000 - 0x00007ffd3a5cf000 	C:\WINDOWS\System32\combase.dll
0x00007ffd39fe0000 - 0x00007ffd3a0b7000 	C:\WINDOWS\System32\OLEAUT32.dll
0x00007ffd25190000 - 0x00007ffd251c2000 	C:\WINDOWS\SYSTEM32\dbgcore.DLL
0x00007ffd38f80000 - 0x00007ffd38ffb000 	C:\WINDOWS\System32\bcryptPrimitives.dll
0x00007ffd0f540000 - 0x00007ffd0f55e000 	C:\Program Files\Java\jdk-22\bin\java.dll
0x00007ffd3b000000 - 0x00007ffd3b876000 	C:\WINDOWS\System32\SHELL32.dll
0x00007ffd39670000 - 0x00007ffd39815000 	C:\WINDOWS\System32\ole32.dll
0x00007ffd36ac0000 - 0x00007ffd373c3000 	C:\WINDOWS\SYSTEM32\windows.storage.dll
0x00007ffd36980000 - 0x00007ffd36abf000 	C:\WINDOWS\SYSTEM32\wintypes.dll
0x00007ffd3aad0000 - 0x00007ffd3abc9000 	C:\WINDOWS\System32\SHCORE.dll
0x00007ffd3a1e0000 - 0x00007ffd3a23e000 	C:\WINDOWS\System32\shlwapi.dll
0x00007ffd38b00000 - 0x00007ffd38b2b000 	C:\WINDOWS\SYSTEM32\profapi.dll
0x00007ffccf1f0000 - 0x00007ffccf2c7000 	C:\Program Files\Java\jdk-22\bin\jsvml.dll
0x00007ffd114d0000 - 0x00007ffd114e0000 	C:\Program Files\Java\jdk-22\bin\net.dll
0x00007ffd38060000 - 0x00007ffd380c9000 	C:\WINDOWS\system32\mswsock.dll
0x00007ffd114b0000 - 0x00007ffd114c6000 	C:\Program Files\Java\jdk-22\bin\nio.dll
0x00007ffd11490000 - 0x00007ffd114a7000 	C:\Program Files\Java\jdk-22\bin\zip.dll
0x00007ffd0f530000 - 0x00007ffd0f540000 	C:\Program Files\Java\jdk-22\bin\verify.dll
0x00007ffcf7550000 - 0x00007ffcf7577000 	C:\Users\diand\.gradle\native\c067742578af261105cb4f569cf0c3c89f3d7b1fecec35dd04571415982c5e48\windows-amd64\native-platform.dll
0x00007ffcb7550000 - 0x00007ffcb7694000 	C:\Users\diand\.gradle\native\38dada09dfb8b06ba9b0570ebf7e218e3eb74d4ef43ca46872605cf95ebc2f47\windows-amd64\native-platform-file-events.dll
0x00007ffd33930000 - 0x00007ffd3393a000 	C:\Program Files\Java\jdk-22\bin\management.dll
0x00007ffd07450000 - 0x00007ffd0745b000 	C:\Program Files\Java\jdk-22\bin\management_ext.dll
0x00007ffd39950000 - 0x00007ffd39958000 	C:\WINDOWS\System32\PSAPI.DLL
0x00007ffd382f0000 - 0x00007ffd3830b000 	C:\WINDOWS\SYSTEM32\CRYPTSP.dll
0x00007ffd37b30000 - 0x00007ffd37b65000 	C:\WINDOWS\system32\rsaenh.dll
0x00007ffd38180000 - 0x00007ffd381a8000 	C:\WINDOWS\SYSTEM32\USERENV.dll
0x00007ffd382e0000 - 0x00007ffd382ec000 	C:\WINDOWS\SYSTEM32\CRYPTBASE.dll
0x00007ffd37670000 - 0x00007ffd3769d000 	C:\WINDOWS\SYSTEM32\IPHLPAPI.DLL
0x00007ffd3a660000 - 0x00007ffd3a669000 	C:\WINDOWS\System32\NSI.dll
0x00007ffd07440000 - 0x00007ffd07449000 	C:\Program Files\Java\jdk-22\bin\extnet.dll
0x00007ffd02710000 - 0x00007ffd0271e000 	C:\Program Files\Java\jdk-22\bin\sunmscapi.dll
0x00007ffd38c30000 - 0x00007ffd38d96000 	C:\WINDOWS\System32\CRYPT32.dll
0x00007ffd384a0000 - 0x00007ffd384cd000 	C:\WINDOWS\SYSTEM32\ncrypt.dll
0x00007ffd38460000 - 0x00007ffd38497000 	C:\WINDOWS\SYSTEM32\NTASN1.dll
0x00007ffcf3d10000 - 0x00007ffcf3d18000 	C:\WINDOWS\system32\wshunix.dll

dbghelp: loaded successfully - version: 4.0.5 - missing functions: none
symbol engine: initialized successfully - sym options: 0x614 - pdb path: .;C:\Program Files\Java\jdk-22\bin;C:\WINDOWS\SYSTEM32;C:\WINDOWS\WinSxS\amd64_microsoft.windows.common-controls_6595b64144ccf1df_6.0.22621.4391_none_2715d37f73803e96;C:\Program Files\Java\jdk-22\bin\server;C:\Users\diand\.gradle\native\c067742578af261105cb4f569cf0c3c89f3d7b1fecec35dd04571415982c5e48\windows-amd64;C:\Users\diand\.gradle\native\38dada09dfb8b06ba9b0570ebf7e218e3eb74d4ef43ca46872605cf95ebc2f47\windows-amd64

VM Arguments:
jvm_args: -XX:+HeapDumpOnOutOfMemoryError --add-opens=java.base/java.util=ALL-UNNAMED --add-opens=java.base/java.lang=ALL-UNNAMED --add-opens=java.base/java.lang.invoke=ALL-UNNAMED --add-opens=java.prefs/java.util.prefs=ALL-UNNAMED --add-opens=java.base/java.nio.charset=ALL-UNNAMED --add-opens=java.base/java.net=ALL-UNNAMED --add-opens=java.base/java.util.concurrent.atomic=ALL-UNNAMED -Xmx4G -Dfile.encoding=UTF-8 -Duser.country=US -Duser.language=en -Duser.variant 
java_command: org.gradle.launcher.daemon.bootstrap.GradleDaemon 7.6.3
java_class_path (initial): C:\Users\diand\.gradle\wrapper\dists\gradle-7.6.3-all\aocdy2d2z8kodnny3rsumj8i8\gradle-7.6.3\lib\gradle-launcher-7.6.3.jar
Launcher Type: SUN_STANDARD

[Global flags]
     intx CICompilerCount                          = 12                                        {product} {ergonomic}
     uint ConcGCThreads                            = 3                                         {product} {ergonomic}
     uint G1ConcRefinementThreads                  = 13                                        {product} {ergonomic}
   size_t G1HeapRegionSize                         = 2097152                                   {product} {ergonomic}
     bool HeapDumpOnOutOfMemoryError               = true                                   {manageable} {command line}
   size_t InitialHeapSize                          = 98566144                                  {product} {ergonomic}
   size_t MarkStackSize                            = 4194304                                   {product} {ergonomic}
   size_t MaxHeapSize                              = 4294967296                                {product} {command line}
   size_t MaxNewSize                               = 2575302656                                {product} {ergonomic}
   size_t MinHeapDeltaBytes                        = 2097152                                   {product} {ergonomic}
   size_t MinHeapSize                              = 8388608                                   {product} {ergonomic}
    uintx NonNMethodCodeHeapSize                   = 7602480                                {pd product} {ergonomic}
    uintx NonProfiledCodeHeapSize                  = 122027880                              {pd product} {ergonomic}
     bool PerfDisableSharedMem                     = true                                      {product} {ergonomic}
    uintx ProfiledCodeHeapSize                     = 122027880                              {pd product} {ergonomic}
    uintx ReservedCodeCacheSize                    = 251658240                              {pd product} {ergonomic}
     bool SegmentedCodeCache                       = true                                      {product} {ergonomic}
   size_t SoftMaxHeapSize                          = 4294967296                             {manageable} {ergonomic}
     bool UseCompressedOops                        = true                           {product lp64_product} {ergonomic}
     bool UseG1GC                                  = true                                      {product} {ergonomic}
     bool UseLargePagesIndividualAllocation        = false                                  {pd product} {ergonomic}

Logging:
Log output configuration:
 #0: stdout all=warning uptime,level,tags foldmultilines=false
 #1: stderr all=off uptime,level,tags foldmultilines=false

Environment Variables:
JAVA_HOME=C:\Program Files\Java\jdk-22
CLASSPATH=D:\android_2024\coba\android\\gradle\wrapper\gradle-wrapper.jar
PATH=C:\Program Files\Common Files\Oracle\Java\javapath;C:\Program Files (x86)\Common Files\Oracle\Java\java8path;C:\Program Files (x86)\Common Files\Oracle\Java\javapath;C:\WINDOWS\system32;C:\WINDOWS;C:\WINDOWS\System32\Wbem;C:\WINDOWS\System32\WindowsPowerShell\v1.0\;C:\WINDOWS\System32\OpenSSH\;C:\Users\diand\Downloads\xampp\php;C:\ProgramData\ComposerSetup\bin;C:\Program Files\Git\cmd;C:\Users\diand\AppData\Local\Microsoft\WindowsApps;C:\Users\diand\AppData\Local\Programs\Microsoft VS Code\bin;C:\Program Files\Java\jdk-22;C:\Users\diand\AppData\Roaming\Composer\vendor\bin
USERNAME=`Lenovo
OS=Windows_NT
PROCESSOR_IDENTIFIER=AMD64 Family 25 Model 80 Stepping 0, AuthenticAMD
TMP=C:\Users\diand\AppData\Local\Temp
TEMP=C:\Users\diand\AppData\Local\Temp




Periodic native trim disabled

---------------  S Y S T E M  ---------------

OS:
 Windows 11 , 64 bit Build 22621 (10.0.22621.4391)
OS uptime: 1 days 16:23 hours
Hyper-V role detected

CPU: total 16 (initial active 16) (16 cores per cpu, 2 threads per core) family 25 model 80 stepping 0 microcode 0x0, cx8, cmov, fxsr, ht, mmx, 3dnowpref, sse, sse2, sse3, ssse3, sse4a, sse4.1, sse4.2, popcnt, lzcnt, tsc, tscinvbit, avx, avx2, aes, erms, clmul, bmi1, bmi2, adx, sha, fma, vzeroupper, clflush, clflushopt, hv, rdtscp, rdpid, fsrm, f16c, cet_ss
Processor Information for all 16 processors :
  Max Mhz: 2000, Current Mhz: 2000, Mhz Limit: 2000

Memory: 4k page, system-wide physical 5989M (291M free)
TotalPageFile size 24421M (AvailPageFile size 21M)
current process WorkingSet (physical memory assigned to process): 126M, peak: 126M
current process commit charge ("private bytes"): 227M, peak: 227M

vm_info: Java HotSpot(TM) 64-Bit Server VM (22.0.2+9-70) for windows-amd64 JRE (22.0.2+9-70), built on 2024-06-04T16:52:23Z by "mach5one" with MS VC++ 17.6 (VS2022)

END.
