#
# There is insufficient memory for the Java Runtime Environment to continue.
# Native memory allocation (malloc) failed to allocate 1249296 bytes. Error detail: Chunk::new
# Possible reasons:
#   The system is out of physical RAM or swap space
#   This process is running with CompressedOops enabled, and the Java Heap may be blocking the growth of the native heap
# Possible solutions:
#   Reduce memory load on the system
#   Increase physical memory or swap space
#   Check if swap backing store is full
#   Decrease Java heap size (-Xmx/-Xms)
#   Decrease number of Java threads
#   Decrease Java thread stack sizes (-Xss)
#   Set larger code cache with -XX:ReservedCodeCacheSize=
#   JVM is running with Zero Based Compressed Oops mode in which the Java heap is
#     placed in the first 32GB address space. The Java Heap base address is the
#     maximum limit for the native heap growth. Please use -XX:HeapBaseMinAddress
#     to set the Java Heap base and to place the Java Heap above 32GB virtual address.
# This output file may be truncated or incomplete.
#
#  Out of Memory Error (arena.cpp:150), pid=21608, tid=3756
#
# JRE version: Java(TM) SE Runtime Environment (22.0.2+9) (build 22.0.2+9-70)
# Java VM: Java HotSpot(TM) 64-Bit Server VM (22.0.2+9-70, mixed mode, sharing, tiered, compressed oops, compressed class ptrs, g1 gc, windows-amd64)
# No core dump will be written. Minidumps are not enabled by default on client versions of Windows
#

---------------  S U M M A R Y ------------

Command Line: -XX:+HeapDumpOnOutOfMemoryError --add-opens=java.base/java.util=ALL-UNNAMED --add-opens=java.base/java.lang=ALL-UNNAMED --add-opens=java.base/java.lang.invoke=ALL-UNNAMED --add-opens=java.prefs/java.util.prefs=ALL-UNNAMED --add-opens=java.base/java.nio.charset=ALL-UNNAMED --add-opens=java.base/java.net=ALL-UNNAMED --add-opens=java.base/java.util.concurrent.atomic=ALL-UNNAMED -Xmx4G -Dfile.encoding=UTF-8 -Duser.country=US -Duser.language=en -Duser.variant org.gradle.launcher.daemon.bootstrap.GradleDaemon 7.6.3

Host: AMD Ryzen 7 5825U with Radeon Graphics         , 16 cores, 5G,  Windows 11 , 64 bit Build 22621 (10.0.22621.4391)
Time: Mon Dec  2 08:21:15 2024 SE Asia Standard Time elapsed time: 13.768042 seconds (0d 0h 0m 13s)

---------------  T H R E A D  ---------------

Current thread (0x000002a6a51e0f50):  JavaThread "C2 CompilerThread0" daemon [_thread_in_native, id=3756, stack(0x000000d5c3f00000,0x000000d5c4000000) (1024K)]


Current CompileTask:
C2:13770 6850       4       java.lang.invoke.MethodType::makeImpl (109 bytes)

Stack: [0x000000d5c3f00000,0x000000d5c4000000]
Native frames: (J=compiled Java code, j=interpreted, Vv=VM code, C=native code)
V  [jvm.dll+0x6e26e9]  (no source info available)
V  [jvm.dll+0x875753]  (no source info available)
V  [jvm.dll+0x877b7e]  (no source info available)
V  [jvm.dll+0x878253]  (no source info available)
V  [jvm.dll+0x27fc86]  (no source info available)
V  [jvm.dll+0xc3d0f]  (no source info available)
V  [jvm.dll+0xc3f6b]  (no source info available)
V  [jvm.dll+0x3bb442]  (no source info available)
V  [jvm.dll+0x1df4ac]  (no source info available)
V  [jvm.dll+0x24793c]  (no source info available)
V  [jvm.dll+0x246e9f]  (no source info available)
V  [jvm.dll+0x1c4e80]  (no source info available)
V  [jvm.dll+0x2568f3]  (no source info available)
V  [jvm.dll+0x254baa]  (no source info available)
V  [jvm.dll+0x3f57a6]  (no source info available)
V  [jvm.dll+0x81dc0b]  (no source info available)
V  [jvm.dll+0x6e0d85]  (no source info available)
C  [ucrtbase.dll+0x29333]  (no source info available)
C  [KERNEL32.DLL+0x1259d]  (no source info available)
C  [ntdll.dll+0x5af38]  (no source info available)


---------------  P R O C E S S  ---------------

Threads class SMR info:
_java_thread_list=0x000002a6ecb85770, length=70, elements={
0x000002a6834a58d0, 0x000002a6a51cdf70, 0x000002a6a51cefa0, 0x000002a6a51d60a0,
0x000002a6a51d6b00, 0x000002a6a51d7560, 0x000002a6a51d7fc0, 0x000002a6a51e0f50,
0x000002a6a52021b0, 0x000002a6a5491e60, 0x000002a6a5498ac0, 0x000002a6a5608130,
0x000002a6eb5064b0, 0x000002a6ebe528c0, 0x000002a6ec13dad0, 0x000002a6ebfcd880,
0x000002a6eb62f650, 0x000002a6ec1038a0, 0x000002a6ebd298d0, 0x000002a6ebd27800,
0x000002a6ebd27e90, 0x000002a6ebd2a5f0, 0x000002a6ebd28520, 0x000002a6ebd27170,
0x000002a6ebd28bb0, 0x000002a6ebd29f60, 0x000002a6ec84f6d0, 0x000002a6ec84fd60,
0x000002a6ec8503f0, 0x000002a6ec84cf70, 0x000002a6ec84f040, 0x000002a6ec84d600,
0x000002a6ec84dc90, 0x000002a6ec84e320, 0x000002a6ec84e9b0, 0x000002a6ec9ebe60,
0x000002a6ec9eb7d0, 0x000002a6ec9ea420, 0x000002a6ec9eb140, 0x000002a6ec9e9070,
0x000002a6ee3fa840, 0x000002a6ee3fb560, 0x000002a6ee3ff700, 0x000002a6ee3fa1b0,
0x000002a6ee3fc280, 0x000002a6ee3f8e00, 0x000002a6ee3fbbf0, 0x000002a6ee3fcfa0,
0x000002a6ee400420, 0x000002a6ee3f9490, 0x000002a6ee3fd630, 0x000002a6ee3fdcc0,
0x000002a6ee3fe9e0, 0x000002a6ee3ff070, 0x000002a6a54c8b70, 0x000002a6a54c9f20,
0x000002a6a54cb2d0, 0x000002a6a54cb960, 0x000002a6a54ca5b0, 0x000002a6a54c7e50,
0x000002a6a54c5d80, 0x000002a6a54c56f0, 0x000002a6a54c84e0, 0x000002a6a54cac40,
0x000002a6a54c9200, 0x000002a6a54cbff0, 0x000002a6a54c9890, 0x000002a6a54cc680,
0x000002a6a54ccd10, 0x000002a6a54c6410
}

Java Threads: ( => current thread )
  0x000002a6834a58d0 JavaThread "main"                              [_thread_blocked, id=31496, stack(0x000000d5c3100000,0x000000d5c3200000) (1024K)]
  0x000002a6a51cdf70 JavaThread "Reference Handler"          daemon [_thread_blocked, id=25536, stack(0x000000d5c3900000,0x000000d5c3a00000) (1024K)]
  0x000002a6a51cefa0 JavaThread "Finalizer"                  daemon [_thread_blocked, id=24396, stack(0x000000d5c3a00000,0x000000d5c3b00000) (1024K)]
  0x000002a6a51d60a0 JavaThread "Signal Dispatcher"          daemon [_thread_blocked, id=27792, stack(0x000000d5c3b00000,0x000000d5c3c00000) (1024K)]
  0x000002a6a51d6b00 JavaThread "Attach Listener"            daemon [_thread_blocked, id=13300, stack(0x000000d5c3c00000,0x000000d5c3d00000) (1024K)]
  0x000002a6a51d7560 JavaThread "Service Thread"             daemon [_thread_blocked, id=27152, stack(0x000000d5c3d00000,0x000000d5c3e00000) (1024K)]
  0x000002a6a51d7fc0 JavaThread "Monitor Deflation Thread"   daemon [_thread_blocked, id=22728, stack(0x000000d5c3e00000,0x000000d5c3f00000) (1024K)]
=>0x000002a6a51e0f50 JavaThread "C2 CompilerThread0"         daemon [_thread_in_native, id=3756, stack(0x000000d5c3f00000,0x000000d5c4000000) (1024K)]
  0x000002a6a52021b0 JavaThread "C1 CompilerThread0"         daemon [_thread_blocked, id=11276, stack(0x000000d5c4000000,0x000000d5c4100000) (1024K)]
  0x000002a6a5491e60 JavaThread "Common-Cleaner"             daemon [_thread_blocked, id=18608, stack(0x000000d5c4100000,0x000000d5c4200000) (1024K)]
  0x000002a6a5498ac0 JavaThread "Notification Thread"        daemon [_thread_blocked, id=30440, stack(0x000000d5c4200000,0x000000d5c4300000) (1024K)]
  0x000002a6a5608130 JavaThread "C1 CompilerThread1"         daemon [_thread_blocked, id=6960, stack(0x000000d5c4300000,0x000000d5c4400000) (1024K)]
  0x000002a6eb5064b0 JavaThread "C1 CompilerThread2"         daemon [_thread_blocked, id=28804, stack(0x000000d5c4800000,0x000000d5c4900000) (1024K)]
  0x000002a6ebe528c0 JavaThread "Daemon health stats"               [_thread_blocked, id=30808, stack(0x000000d5c4900000,0x000000d5c4a00000) (1024K)]
  0x000002a6ec13dad0 JavaThread "Incoming local TCP Connector on port 57230"        [_thread_in_native, id=5116, stack(0x000000d5c4a00000,0x000000d5c4b00000) (1024K)]
  0x000002a6ebfcd880 JavaThread "Daemon periodic checks"            [_thread_blocked, id=11092, stack(0x000000d5c4b00000,0x000000d5c4c00000) (1024K)]
  0x000002a6eb62f650 JavaThread "Daemon"                            [_thread_blocked, id=14496, stack(0x000000d5c4c00000,0x000000d5c4d00000) (1024K)]
  0x000002a6ec1038a0 JavaThread "Handler for socket connection from /127.0.0.1:57230 to /127.0.0.1:57231"        [_thread_in_native, id=4928, stack(0x000000d5c4d00000,0x000000d5c4e00000) (1024K)]
  0x000002a6ebd298d0 JavaThread "Cancel handler"                    [_thread_blocked, id=27476, stack(0x000000d5c4e00000,0x000000d5c4f00000) (1024K)]
  0x000002a6ebd27800 JavaThread "Daemon worker"                     [_thread_blocked, id=28320, stack(0x000000d5c4f00000,0x000000d5c5000000) (1024K)]
  0x000002a6ebd27e90 JavaThread "Asynchronous log dispatcher for DefaultDaemonConnection: socket connection from /127.0.0.1:57230 to /127.0.0.1:57231"        [_thread_blocked, id=17592, stack(0x000000d5c5000000,0x000000d5c5100000) (1024K)]
  0x000002a6ebd2a5f0 JavaThread "Stdin handler"                     [_thread_blocked, id=28492, stack(0x000000d5c5100000,0x000000d5c5200000) (1024K)]
  0x000002a6ebd28520 JavaThread "Daemon client event forwarder"        [_thread_blocked, id=30380, stack(0x000000d5c5200000,0x000000d5c5300000) (1024K)]
  0x000002a6ebd27170 JavaThread "Cache worker for journal cache (C:\Users\diand\.gradle\caches\journal-1)"        [_thread_blocked, id=5144, stack(0x000000d5c5300000,0x000000d5c5400000) (1024K)]
  0x000002a6ebd28bb0 JavaThread "File lock request listener"        [_thread_in_native, id=24156, stack(0x000000d5c5400000,0x000000d5c5500000) (1024K)]
  0x000002a6ebd29f60 JavaThread "Cache worker for file hash cache (C:\Users\diand\.gradle\caches\7.6.3\fileHashes)"        [_thread_blocked, id=1912, stack(0x000000d5c5500000,0x000000d5c5600000) (1024K)]
  0x000002a6ec84f6d0 JavaThread "File lock release action executor"        [_thread_blocked, id=28816, stack(0x000000d5c5e00000,0x000000d5c5f00000) (1024K)]
  0x000002a6ec84fd60 JavaThread "File watcher server"        daemon [_thread_in_native, id=368, stack(0x000000d5c5f00000,0x000000d5c6000000) (1024K)]
  0x000002a6ec8503f0 JavaThread "File watcher consumer"      daemon [_thread_blocked, id=26676, stack(0x000000d5c6000000,0x000000d5c6100000) (1024K)]
  0x000002a6ec84cf70 JavaThread "Cache worker for checksums cache (D:\android_2024\coba\android\.gradle\7.6.3\checksums)"        [_thread_blocked, id=4864, stack(0x000000d5c6300000,0x000000d5c6400000) (1024K)]
  0x000002a6ec84f040 JavaThread "Cache worker for cache directory md-rule (C:\Users\diand\.gradle\caches\7.6.3\md-rule)"        [_thread_blocked, id=18692, stack(0x000000d5c6400000,0x000000d5c6500000) (1024K)]
  0x000002a6ec84d600 JavaThread "Cache worker for file content cache (C:\Users\diand\.gradle\caches\7.6.3\fileContent)"        [_thread_blocked, id=17172, stack(0x000000d5c6500000,0x000000d5c6600000) (1024K)]
  0x000002a6ec84dc90 JavaThread "Cache worker for file hash cache (D:\android_2024\coba\android\.gradle\7.6.3\fileHashes)"        [_thread_blocked, id=31068, stack(0x000000d5c6600000,0x000000d5c6700000) (1024K)]
  0x000002a6ec84e320 JavaThread "Cache worker for cache directory md-supplier (C:\Users\diand\.gradle\caches\7.6.3\md-supplier)"        [_thread_blocked, id=30276, stack(0x000000d5c6700000,0x000000d5c6800000) (1024K)]
  0x000002a6ec84e9b0 JavaThread "Cache worker for execution history cache (C:\Users\diand\.gradle\caches\7.6.3\executionHistory)"        [_thread_blocked, id=16916, stack(0x000000d5c6800000,0x000000d5c6900000) (1024K)]
  0x000002a6ec9ebe60 JavaThread "jar transforms"                    [_thread_blocked, id=27984, stack(0x000000d5c6900000,0x000000d5c6a00000) (1024K)]
  0x000002a6ec9eb7d0 JavaThread "Cache worker for kotlin-dsl (C:\Users\diand\.gradle\caches\7.6.3\kotlin-dsl)"        [_thread_blocked, id=2472, stack(0x000000d5c6a00000,0x000000d5c6b00000) (1024K)]
  0x000002a6ec9ea420 JavaThread "jar transforms Thread 2"           [_thread_blocked, id=16580, stack(0x000000d5c6b00000,0x000000d5c6c00000) (1024K)]
  0x000002a6ec9eb140 JavaThread "Cache worker for dependencies-accessors (D:\android_2024\coba\android\.gradle\7.6.3\dependencies-accessors)"        [_thread_blocked, id=23396, stack(0x000000d5c6c00000,0x000000d5c6d00000) (1024K)]
  0x000002a6ec9e9070 JavaThread "Cache worker for Build Output Cleanup Cache (C:\flutter\packages\flutter_tools\gradle\.gradle\buildOutputCleanup)"        [_thread_blocked, id=17432, stack(0x000000d5c6d00000,0x000000d5c6e00000) (1024K)]
  0x000002a6ee3fa840 JavaThread "jar transforms Thread 3"           [_thread_blocked, id=12620, stack(0x000000d5c6e00000,0x000000d5c6f00000) (1024K)]
  0x000002a6ee3fb560 JavaThread "Memory manager"                    [_thread_blocked, id=24748, stack(0x000000d5c6f00000,0x000000d5c7000000) (1024K)]
  0x000002a6ee3ff700 JavaThread "jar transforms Thread 4"           [_thread_blocked, id=18196, stack(0x000000d5c7000000,0x000000d5c7100000) (1024K)]
  0x000002a6ee3fa1b0 JavaThread "included builds"                   [_thread_blocked, id=31656, stack(0x000000d5c7100000,0x000000d5c7200000) (1024K)]
  0x000002a6ee3fc280 JavaThread "Execution worker"                  [_thread_blocked, id=30848, stack(0x000000d5c7200000,0x000000d5c7300000) (1024K)]
  0x000002a6ee3f8e00 JavaThread "Execution worker Thread 2"         [_thread_blocked, id=27680, stack(0x000000d5c7300000,0x000000d5c7400000) (1024K)]
  0x000002a6ee3fbbf0 JavaThread "Execution worker Thread 3"         [_thread_blocked, id=28188, stack(0x000000d5c7400000,0x000000d5c7500000) (1024K)]
  0x000002a6ee3fcfa0 JavaThread "Execution worker Thread 4"         [_thread_in_vm, id=19696, stack(0x000000d5c7500000,0x000000d5c7600000) (1024K)]
  0x000002a6ee400420 JavaThread "Execution worker Thread 5"         [_thread_blocked, id=3856, stack(0x000000d5c7600000,0x000000d5c7700000) (1024K)]
  0x000002a6ee3f9490 JavaThread "Execution worker Thread 6"         [_thread_blocked, id=9452, stack(0x000000d5c7700000,0x000000d5c7800000) (1024K)]
  0x000002a6ee3fd630 JavaThread "Execution worker Thread 7"         [_thread_blocked, id=31508, stack(0x000000d5c7800000,0x000000d5c7900000) (1024K)]
  0x000002a6ee3fdcc0 JavaThread "Execution worker Thread 8"         [_thread_blocked, id=26036, stack(0x000000d5c7900000,0x000000d5c7a00000) (1024K)]
  0x000002a6ee3fe9e0 JavaThread "Execution worker Thread 9"         [_thread_blocked, id=11404, stack(0x000000d5c7a00000,0x000000d5c7b00000) (1024K)]
  0x000002a6ee3ff070 JavaThread "Execution worker Thread 10"        [_thread_blocked, id=30336, stack(0x000000d5c7b00000,0x000000d5c7c00000) (1024K)]
  0x000002a6a54c8b70 JavaThread "Execution worker Thread 11"        [_thread_blocked, id=18660, stack(0x000000d5c7c00000,0x000000d5c7d00000) (1024K)]
  0x000002a6a54c9f20 JavaThread "Execution worker Thread 12"        [_thread_blocked, id=20756, stack(0x000000d5c7d00000,0x000000d5c7e00000) (1024K)]
  0x000002a6a54cb2d0 JavaThread "Execution worker Thread 13"        [_thread_blocked, id=29088, stack(0x000000d5c7e00000,0x000000d5c7f00000) (1024K)]
  0x000002a6a54cb960 JavaThread "Execution worker Thread 14"        [_thread_blocked, id=7788, stack(0x000000d5c7f00000,0x000000d5c8000000) (1024K)]
  0x000002a6a54ca5b0 JavaThread "Execution worker Thread 15"        [_thread_blocked, id=31544, stack(0x000000d5c8000000,0x000000d5c8100000) (1024K)]
  0x000002a6a54c7e50 JavaThread "Cache worker for execution history cache (C:\flutter\packages\flutter_tools\gradle\.gradle\7.6.3\executionHistory)"        [_thread_blocked, id=20216, stack(0x000000d5c8100000,0x000000d5c8200000) (1024K)]
  0x000002a6a54c5d80 JavaThread "Unconstrained build operations"        [_thread_blocked, id=31172, stack(0x000000d5c8200000,0x000000d5c8300000) (1024K)]
  0x000002a6a54c56f0 JavaThread "Unconstrained build operations Thread 2"        [_thread_blocked, id=27020, stack(0x000000d5c8300000,0x000000d5c8400000) (1024K)]
  0x000002a6a54c84e0 JavaThread "Unconstrained build operations Thread 3"        [_thread_blocked, id=24132, stack(0x000000d5c8400000,0x000000d5c8500000) (1024K)]
  0x000002a6a54cac40 JavaThread "Unconstrained build operations Thread 4"        [_thread_blocked, id=25784, stack(0x000000d5c8500000,0x000000d5c8600000) (1024K)]
  0x000002a6a54c9200 JavaThread "Unconstrained build operations Thread 5"        [_thread_blocked, id=16088, stack(0x000000d5c8600000,0x000000d5c8700000) (1024K)]
  0x000002a6a54cbff0 JavaThread "Unconstrained build operations Thread 6"        [_thread_blocked, id=26292, stack(0x000000d5c8700000,0x000000d5c8800000) (1024K)]
  0x000002a6a54c9890 JavaThread "Unconstrained build operations Thread 7"        [_thread_blocked, id=30964, stack(0x000000d5c8800000,0x000000d5c8900000) (1024K)]
  0x000002a6a54cc680 JavaThread "Unconstrained build operations Thread 8"        [_thread_blocked, id=11220, stack(0x000000d5c8900000,0x000000d5c8a00000) (1024K)]
  0x000002a6a54ccd10 JavaThread "Unconstrained build operations Thread 9"        [_thread_blocked, id=6620, stack(0x000000d5c8a00000,0x000000d5c8b00000) (1024K)]
  0x000002a6a54c6410 JavaThread "Unconstrained build operations Thread 10"        [_thread_blocked, id=17588, stack(0x000000d5c8b00000,0x000000d5c8c00000) (1024K)]
Total: 70

Other Threads:
  0x000002a6a51ad7d0 VMThread "VM Thread"                           [id=21432, stack(0x000000d5c3800000,0x000000d5c3900000) (1024K)]
  0x000002a6a5195370 WatcherThread "VM Periodic Task Thread"        [id=21440, stack(0x000000d5c3700000,0x000000d5c3800000) (1024K)]
  0x000002a6856e7bc0 WorkerThread "GC Thread#0"                     [id=16432, stack(0x000000d5c3200000,0x000000d5c3300000) (1024K)]
  0x000002a6eb304a80 WorkerThread "GC Thread#1"                     [id=25704, stack(0x000000d5c4400000,0x000000d5c4500000) (1024K)]
  0x000002a6a5e5a160 WorkerThread "GC Thread#2"                     [id=7184, stack(0x000000d5c4500000,0x000000d5c4600000) (1024K)]
  0x000002a6eb487220 WorkerThread "GC Thread#3"                     [id=14136, stack(0x000000d5c4600000,0x000000d5c4700000) (1024K)]
  0x000002a6eb4879d0 WorkerThread "GC Thread#4"                     [id=23380, stack(0x000000d5c4700000,0x000000d5c4800000) (1024K)]
  0x000002a6ec46e2b0 WorkerThread "GC Thread#5"                     [id=18640, stack(0x000000d5c5600000,0x000000d5c5700000) (1024K)]
  0x000002a6ec025730 WorkerThread "GC Thread#6"                     [id=14200, stack(0x000000d5c5700000,0x000000d5c5800000) (1024K)]
  0x000002a6ec025ef0 WorkerThread "GC Thread#7"                     [id=31288, stack(0x000000d5c5800000,0x000000d5c5900000) (1024K)]
  0x000002a6ec82bba0 WorkerThread "GC Thread#8"                     [id=16572, stack(0x000000d5c5900000,0x000000d5c5a00000) (1024K)]
  0x000002a6ec82b7f0 WorkerThread "GC Thread#9"                     [id=23692, stack(0x000000d5c5a00000,0x000000d5c5b00000) (1024K)]
  0x000002a6ec82ace0 WorkerThread "GC Thread#10"                    [id=3104, stack(0x000000d5c5b00000,0x000000d5c5c00000) (1024K)]
  0x000002a6ec82a580 WorkerThread "GC Thread#11"                    [id=21916, stack(0x000000d5c5c00000,0x000000d5c5d00000) (1024K)]
  0x000002a6ec82a930 WorkerThread "GC Thread#12"                    [id=25280, stack(0x000000d5c5d00000,0x000000d5c5e00000) (1024K)]
  0x000002a6856fac90 ConcurrentGCThread "G1 Main Marker"            [id=26872, stack(0x000000d5c3300000,0x000000d5c3400000) (1024K)]
  0x000002a6856fb6b0 WorkerThread "G1 Conc#0"                       [id=19516, stack(0x000000d5c3400000,0x000000d5c3500000) (1024K)]
  0x000002a6ec3cd860 WorkerThread "G1 Conc#1"                       [id=1520, stack(0x000000d5c6100000,0x000000d5c6200000) (1024K)]
  0x000002a6ec3cdc10 WorkerThread "G1 Conc#2"                       [id=3496, stack(0x000000d5c6200000,0x000000d5c6300000) (1024K)]
  0x000002a6a506bbd0 ConcurrentGCThread "G1 Refine#0"               [id=9260, stack(0x000000d5c3500000,0x000000d5c3600000) (1024K)]
  0x000002a6a506c560 ConcurrentGCThread "G1 Service"                [id=22148, stack(0x000000d5c3600000,0x000000d5c3700000) (1024K)]
Total: 21

Threads with active compile tasks:
C2 CompilerThread0  14026 6850       4       java.lang.invoke.MethodType::makeImpl (109 bytes)
Total: 1

VM state: not at safepoint (normal execution)

VM Mutex/Monitor currently owned by a thread: None

Heap address: 0x0000000700000000, size: 4096 MB, Compressed Oops mode: Zero based, Oop shift amount: 3

CDS archive(s) mapped at: [0x000002a6a6000000-0x000002a6a6c60000-0x000002a6a6c60000), size 12976128, SharedBaseAddress: 0x000002a6a6000000, ArchiveRelocationMode: 1.
Compressed class space mapped at: 0x000002a6a7000000-0x000002a6e7000000, reserved size: 1073741824
Narrow klass base: 0x000002a6a6000000, Narrow klass shift: 0, Narrow klass range: 0x41000000

GC Precious Log:
 CardTable entry size: 512
 Card Set container configuration: InlinePtr #cards 4 size 8 Array Of Cards #cards 16 size 48 Howl #buckets 8 coarsen threshold 3686 Howl Bitmap #cards 512 size 80 coarsen threshold 460 Card regions per heap region 1 cards per card region 4096
 CPUs: 16 total, 16 available
 Memory: 5989M
 Large Page Support: Disabled
 NUMA Support: Disabled
 Compressed Oops: Enabled (Zero based)
 Heap Region Size: 2M
 Heap Min Capacity: 8M
 Heap Initial Capacity: 94M
 Heap Max Capacity: 4G
 Pre-touch: Disabled
 Parallel Workers: 13
 Concurrent Workers: 3
 Concurrent Refinement Workers: 13
 Periodic GC: Disabled

Heap:
 garbage-first heap   total reserved 4194304K, committed 98304K, used 82290K [0x0000000700000000, 0x0000000800000000)
  region size 2048K, 25 young (51200K), 3 survivors (6144K)
 Metaspace       used 57877K, committed 59712K, reserved 1114112K
  class space    used 8511K, committed 9408K, reserved 1048576K

Heap Regions: E=young(eden), S=young(survivor), O=old, HS=humongous(starts), HC=humongous(continues), CS=collection set, F=free, TAMS=top-at-mark-start, PB=parsable bottom
|   0|0x0000000700000000, 0x0000000700200000, 0x0000000700200000|100%|HS|  |TAMS 0x0000000700000000| PB 0x0000000700000000| Complete |  0
|   1|0x0000000700200000, 0x0000000700400000, 0x0000000700400000|100%|HC|  |TAMS 0x0000000700200000| PB 0x0000000700200000| Complete |  0
|   2|0x0000000700400000, 0x0000000700600000, 0x0000000700600000|100%| O|  |TAMS 0x0000000700400000| PB 0x0000000700400000| Untracked |  0
|   3|0x0000000700600000, 0x0000000700800000, 0x0000000700800000|100%| O|  |TAMS 0x0000000700600000| PB 0x0000000700600000| Untracked |  0
|   4|0x0000000700800000, 0x0000000700a00000, 0x0000000700a00000|100%| O|  |TAMS 0x0000000700800000| PB 0x0000000700800000| Untracked |  0
|   5|0x0000000700a00000, 0x0000000700c00000, 0x0000000700c00000|100%| O|  |TAMS 0x0000000700a00000| PB 0x0000000700a00000| Untracked |  0
|   6|0x0000000700c00000, 0x0000000700e00000, 0x0000000700e00000|100%| O|  |TAMS 0x0000000700c00000| PB 0x0000000700c00000| Untracked |  0
|   7|0x0000000700e00000, 0x0000000701000000, 0x0000000701000000|100%| O|  |TAMS 0x0000000700e00000| PB 0x0000000700e00000| Untracked |  0
|   8|0x0000000701000000, 0x0000000701200000, 0x0000000701200000|100%| O|  |TAMS 0x0000000701000000| PB 0x0000000701000000| Untracked |  0
|   9|0x0000000701200000, 0x0000000701400000, 0x0000000701400000|100%| O|  |TAMS 0x0000000701200000| PB 0x0000000701200000| Untracked |  0
|  10|0x0000000701400000, 0x0000000701600000, 0x0000000701600000|100%| O|  |TAMS 0x0000000701400000| PB 0x0000000701400000| Untracked |  0
|  11|0x0000000701600000, 0x0000000701800000, 0x0000000701800000|100%| O|  |TAMS 0x0000000701600000| PB 0x0000000701600000| Untracked |  0
|  12|0x0000000701800000, 0x0000000701a00000, 0x0000000701a00000|100%| O|  |TAMS 0x0000000701800000| PB 0x0000000701800000| Untracked |  0
|  13|0x0000000701a00000, 0x0000000701b0d680, 0x0000000701c00000| 52%| O|  |TAMS 0x0000000701a00000| PB 0x0000000701a00000| Untracked |  0
|  14|0x0000000701c00000, 0x0000000701c00000, 0x0000000701e00000|  0%| F|  |TAMS 0x0000000701c00000| PB 0x0000000701c00000| Untracked |  0
|  15|0x0000000701e00000, 0x0000000702000000, 0x0000000702000000|100%| O|  |TAMS 0x0000000701e00000| PB 0x0000000701e00000| Untracked |  0
|  16|0x0000000702000000, 0x0000000702200000, 0x0000000702200000|100%| O|  |TAMS 0x0000000702000000| PB 0x0000000702000000| Untracked |  0
|  17|0x0000000702200000, 0x0000000702400000, 0x0000000702400000|100%| O|  |TAMS 0x0000000702200000| PB 0x0000000702200000| Untracked |  0
|  18|0x0000000702400000, 0x0000000702400000, 0x0000000702600000|  0%| F|  |TAMS 0x0000000702400000| PB 0x0000000702400000| Untracked |  0
|  19|0x0000000702600000, 0x0000000702600000, 0x0000000702800000|  0%| F|  |TAMS 0x0000000702600000| PB 0x0000000702600000| Untracked |  0
|  20|0x0000000702800000, 0x000000070294f388, 0x0000000702a00000| 65%| S|CS|TAMS 0x0000000702800000| PB 0x0000000702800000| Complete |  0
|  21|0x0000000702a00000, 0x0000000702c00000, 0x0000000702c00000|100%| S|CS|TAMS 0x0000000702a00000| PB 0x0000000702a00000| Complete |  0
|  22|0x0000000702c00000, 0x0000000702e00000, 0x0000000702e00000|100%| S|CS|TAMS 0x0000000702c00000| PB 0x0000000702c00000| Complete |  0
|  23|0x0000000702e00000, 0x0000000702e00000, 0x0000000703000000|  0%| F|  |TAMS 0x0000000702e00000| PB 0x0000000702e00000| Untracked |  0
|  24|0x0000000703000000, 0x0000000703000000, 0x0000000703200000|  0%| F|  |TAMS 0x0000000703000000| PB 0x0000000703000000| Untracked |  0
|  25|0x0000000703200000, 0x0000000703200000, 0x0000000703400000|  0%| F|  |TAMS 0x0000000703200000| PB 0x0000000703200000| Untracked |  0
|  26|0x0000000703400000, 0x00000007035cd7e8, 0x0000000703600000| 90%| E|  |TAMS 0x0000000703400000| PB 0x0000000703400000| Complete |  0
|  27|0x0000000703600000, 0x0000000703800000, 0x0000000703800000|100%| E|CS|TAMS 0x0000000703600000| PB 0x0000000703600000| Complete |  0
|  28|0x0000000703800000, 0x0000000703a00000, 0x0000000703a00000|100%| E|CS|TAMS 0x0000000703800000| PB 0x0000000703800000| Complete |  0
|  29|0x0000000703a00000, 0x0000000703c00000, 0x0000000703c00000|100%| E|CS|TAMS 0x0000000703a00000| PB 0x0000000703a00000| Complete |  0
|  30|0x0000000703c00000, 0x0000000703e00000, 0x0000000703e00000|100%| E|CS|TAMS 0x0000000703c00000| PB 0x0000000703c00000| Complete |  0
|  31|0x0000000703e00000, 0x0000000704000000, 0x0000000704000000|100%| E|CS|TAMS 0x0000000703e00000| PB 0x0000000703e00000| Complete |  0
|  32|0x0000000704000000, 0x0000000704200000, 0x0000000704200000|100%| E|CS|TAMS 0x0000000704000000| PB 0x0000000704000000| Complete |  0
|  33|0x0000000704200000, 0x0000000704400000, 0x0000000704400000|100%| E|CS|TAMS 0x0000000704200000| PB 0x0000000704200000| Complete |  0
|  34|0x0000000704400000, 0x0000000704600000, 0x0000000704600000|100%| E|CS|TAMS 0x0000000704400000| PB 0x0000000704400000| Complete |  0
|  35|0x0000000704600000, 0x0000000704800000, 0x0000000704800000|100%| E|CS|TAMS 0x0000000704600000| PB 0x0000000704600000| Complete |  0
|  36|0x0000000704800000, 0x0000000704a00000, 0x0000000704a00000|100%| E|CS|TAMS 0x0000000704800000| PB 0x0000000704800000| Complete |  0
|  37|0x0000000704a00000, 0x0000000704c00000, 0x0000000704c00000|100%| E|CS|TAMS 0x0000000704a00000| PB 0x0000000704a00000| Complete |  0
|  38|0x0000000704c00000, 0x0000000704e00000, 0x0000000704e00000|100%| E|CS|TAMS 0x0000000704c00000| PB 0x0000000704c00000| Complete |  0
|  39|0x0000000704e00000, 0x0000000705000000, 0x0000000705000000|100%| E|CS|TAMS 0x0000000704e00000| PB 0x0000000704e00000| Complete |  0
|  40|0x0000000705000000, 0x0000000705200000, 0x0000000705200000|100%| E|CS|TAMS 0x0000000705000000| PB 0x0000000705000000| Complete |  0
|  41|0x0000000705200000, 0x0000000705400000, 0x0000000705400000|100%| E|CS|TAMS 0x0000000705200000| PB 0x0000000705200000| Complete |  0
|  42|0x0000000705400000, 0x0000000705600000, 0x0000000705600000|100%| E|CS|TAMS 0x0000000705400000| PB 0x0000000705400000| Complete |  0
|  43|0x0000000705600000, 0x0000000705800000, 0x0000000705800000|100%| E|CS|TAMS 0x0000000705600000| PB 0x0000000705600000| Complete |  0
|  44|0x0000000705800000, 0x0000000705a00000, 0x0000000705a00000|100%| E|CS|TAMS 0x0000000705800000| PB 0x0000000705800000| Complete |  0
|  45|0x0000000705a00000, 0x0000000705c00000, 0x0000000705c00000|100%| E|CS|TAMS 0x0000000705a00000| PB 0x0000000705a00000| Complete |  0
|  46|0x0000000705c00000, 0x0000000705e00000, 0x0000000705e00000|100%| E|CS|TAMS 0x0000000705c00000| PB 0x0000000705c00000| Complete |  0
|  47|0x0000000705e00000, 0x0000000706000000, 0x0000000706000000|100%| E|CS|TAMS 0x0000000705e00000| PB 0x0000000705e00000| Complete |  0

Card table byte_map: [0x000002a69da70000,0x000002a69e270000] _byte_map_base: 0x000002a69a270000

Marking Bits: (CMBitMap*) 0x000002a6856e91f0
 Bits: [0x000002a69e270000, 0x000002a6a2270000)

Polling page: 0x000002a683630000

Metaspace:

Usage:
  Non-class:     48.21 MB used.
      Class:      8.31 MB used.
       Both:     56.52 MB used.

Virtual space:
  Non-class space:       64.00 MB reserved,      49.12 MB ( 77%) committed,  1 nodes.
      Class space:        1.00 GB reserved,       9.19 MB ( <1%) committed,  1 nodes.
             Both:        1.06 GB reserved,      58.31 MB (  5%) committed. 

Chunk freelists:
   Non-Class:  14.08 MB
       Class:  6.86 MB
        Both:  20.94 MB

MaxMetaspaceSize: unlimited
CompressedClassSpaceSize: 1.00 GB
Initial GC threshold: 21.00 MB
Current GC threshold: 58.75 MB
CDS: on
 - commit_granule_bytes: 65536.
 - commit_granule_words: 8192.
 - virtual_space_node_default_size: 8388608.
 - enlarge_chunks_in_place: 1.
 - use_allocation_guard: 0.


Internal statistics:

num_allocs_failed_limit: 6.
num_arena_births: 3118.
num_arena_deaths: 0.
num_vsnodes_births: 2.
num_vsnodes_deaths: 0.
num_space_committed: 934.
num_space_uncommitted: 0.
num_chunks_returned_to_freelist: 6.
num_chunks_taken_from_freelist: 5571.
num_chunk_merges: 6.
num_chunk_splits: 3671.
num_chunks_enlarged: 2380.
num_inconsistent_stats: 0.

CodeHeap 'non-profiled nmethods': size=119168Kb used=3136Kb max_used=3136Kb free=116031Kb
 bounds [0x000002a695570000, 0x000002a695890000, 0x000002a69c9d0000]
CodeHeap 'profiled nmethods': size=119104Kb used=13400Kb max_used=13400Kb free=105703Kb
 bounds [0x000002a68d9d0000, 0x000002a68e6f0000, 0x000002a694e20000]
CodeHeap 'non-nmethods': size=7488Kb used=3928Kb max_used=3953Kb free=3559Kb
 bounds [0x000002a694e20000, 0x000002a695210000, 0x000002a695570000]
 total_blobs=7596 nmethods=6677 adapters=821
 compilation: enabled
              stopped_count=0, restarted_count=0
 full_count=0

Compilation events (20 events):
Event: 13.611 Thread 0x000002a6eb5064b0 7102       2       jdk.internal.util.StrongReferenceKey::equals (28 bytes)
Event: 13.612 Thread 0x000002a6eb5064b0 nmethod 7102 0x000002a68e6bd210 code [0x000002a68e6bd3c0, 0x000002a68e6bd620]
Event: 13.648 Thread 0x000002a6eb5064b0 7104       3       java.lang.invoke.DirectMethodHandle$Holder::invokeStatic (14 bytes)
Event: 13.648 Thread 0x000002a6eb5064b0 nmethod 7104 0x000002a68e6bd710 code [0x000002a68e6bd8e0, 0x000002a68e6bddd0]
Event: 13.648 Thread 0x000002a6eb5064b0 7105       3       java.lang.invoke.DirectMethodHandle$Holder::invokeStatic (17 bytes)
Event: 13.649 Thread 0x000002a6eb5064b0 nmethod 7105 0x000002a68e6bdf10 code [0x000002a68e6be0e0, 0x000002a68e6be570]
Event: 13.689 Thread 0x000002a6a52021b0 7106       3       java.util.concurrent.locks.LockSupport::setCurrentBlocker (14 bytes)
Event: 13.690 Thread 0x000002a6a52021b0 nmethod 7106 0x000002a68e6be690 code [0x000002a68e6be840, 0x000002a68e6bea68]
Event: 13.696 Thread 0x000002a6a52021b0 7107       3       java.net.SocketAddress::<init> (5 bytes)
Event: 13.696 Thread 0x000002a6a5608130 7108       3       java.net.InetSocketAddress$InetSocketAddressHolder::isUnresolved (13 bytes)
Event: 13.696 Thread 0x000002a6a52021b0 nmethod 7107 0x000002a68e6beb10 code [0x000002a68e6beca0, 0x000002a68e6bee08]
Event: 13.696 Thread 0x000002a6eb5064b0 7109       3       java.net.InetSocketAddress::isUnresolved (8 bytes)
Event: 13.696 Thread 0x000002a6a5608130 nmethod 7108 0x000002a68e6bef10 code [0x000002a68e6bf0a0, 0x000002a68e6bf208]
Event: 13.696 Thread 0x000002a6a5608130 7110       3       java.net.InetSocketAddress::<init> (32 bytes)
Event: 13.696 Thread 0x000002a6a52021b0 7111       3       java.net.InetSocketAddress::checkPort (39 bytes)
Event: 13.696 Thread 0x000002a6eb5064b0 nmethod 7109 0x000002a68e6bf290 code [0x000002a68e6bf440, 0x000002a68e6bf618]
Event: 13.696 Thread 0x000002a6eb5064b0 7112       3       java.net.InetSocketAddress$InetSocketAddressHolder::<init> (20 bytes)
Event: 13.697 Thread 0x000002a6eb5064b0 nmethod 7112 0x000002a68e6bf710 code [0x000002a68e6bf8c0, 0x000002a68e6bfaf8]
Event: 13.697 Thread 0x000002a6a5608130 nmethod 7110 0x000002a68e6bfb90 code [0x000002a68e6bfd80, 0x000002a68e6c02b8]
Event: 13.697 Thread 0x000002a6a52021b0 nmethod 7111 0x000002a68e6c0490 code [0x000002a68e6c06c0, 0x000002a68e6c0d28]

GC Heap History (20 events):
Event: 0.888 GC heap before
{Heap before GC invocations=0 (full 0):
 garbage-first heap   total reserved 4194304K, committed 96256K, used 26624K [0x0000000700000000, 0x0000000800000000)
  region size 2048K, 12 young (24576K), 0 survivors (0K)
 Metaspace       used 3107K, committed 3264K, reserved 1114112K
  class space    used 389K, committed 448K, reserved 1048576K
}
Event: 0.899 GC heap after
{Heap after GC invocations=1 (full 0):
 garbage-first heap   total reserved 4194304K, committed 96256K, used 10063K [0x0000000700000000, 0x0000000800000000)
  region size 2048K, 2 young (4096K), 2 survivors (4096K)
 Metaspace       used 3107K, committed 3264K, reserved 1114112K
  class space    used 389K, committed 448K, reserved 1048576K
}
Event: 1.403 GC heap before
{Heap before GC invocations=1 (full 0):
 garbage-first heap   total reserved 4194304K, committed 96256K, used 38735K [0x0000000700000000, 0x0000000800000000)
  region size 2048K, 17 young (34816K), 2 survivors (4096K)
 Metaspace       used 4040K, committed 4224K, reserved 1114112K
  class space    used 489K, committed 576K, reserved 1048576K
}
Event: 1.414 GC heap after
{Heap after GC invocations=2 (full 0):
 garbage-first heap   total reserved 4194304K, committed 96256K, used 14474K [0x0000000700000000, 0x0000000800000000)
  region size 2048K, 3 young (6144K), 3 survivors (6144K)
 Metaspace       used 4040K, committed 4224K, reserved 1114112K
  class space    used 489K, committed 576K, reserved 1048576K
}
Event: 2.842 GC heap before
{Heap before GC invocations=2 (full 0):
 garbage-first heap   total reserved 4194304K, committed 96256K, used 65674K [0x0000000700000000, 0x0000000800000000)
  region size 2048K, 28 young (57344K), 3 survivors (6144K)
 Metaspace       used 14911K, committed 15424K, reserved 1114112K
  class space    used 2133K, committed 2368K, reserved 1048576K
}
Event: 2.852 GC heap after
{Heap after GC invocations=3 (full 0):
 garbage-first heap   total reserved 4194304K, committed 96256K, used 20361K [0x0000000700000000, 0x0000000800000000)
  region size 2048K, 3 young (6144K), 3 survivors (6144K)
 Metaspace       used 14911K, committed 15424K, reserved 1114112K
  class space    used 2133K, committed 2368K, reserved 1048576K
}
Event: 3.545 GC heap before
{Heap before GC invocations=3 (full 0):
 garbage-first heap   total reserved 4194304K, committed 96256K, used 57225K [0x0000000700000000, 0x0000000800000000)
  region size 2048K, 22 young (45056K), 3 survivors (6144K)
 Metaspace       used 20789K, committed 21504K, reserved 1114112K
  class space    used 3111K, committed 3456K, reserved 1048576K
}
Event: 3.553 GC heap after
{Heap after GC invocations=4 (full 0):
 garbage-first heap   total reserved 4194304K, committed 96256K, used 22823K [0x0000000700000000, 0x0000000800000000)
  region size 2048K, 2 young (4096K), 2 survivors (4096K)
 Metaspace       used 20789K, committed 21504K, reserved 1114112K
  class space    used 3111K, committed 3456K, reserved 1048576K
}
Event: 4.815 GC heap before
{Heap before GC invocations=5 (full 0):
 garbage-first heap   total reserved 4194304K, committed 81920K, used 71975K [0x0000000700000000, 0x0000000800000000)
  region size 2048K, 26 young (53248K), 2 survivors (4096K)
 Metaspace       used 30124K, committed 31296K, reserved 1114112K
  class space    used 4397K, committed 4992K, reserved 1048576K
}
Event: 4.822 GC heap after
{Heap after GC invocations=6 (full 0):
 garbage-first heap   total reserved 4194304K, committed 81920K, used 26937K [0x0000000700000000, 0x0000000800000000)
  region size 2048K, 4 young (8192K), 4 survivors (8192K)
 Metaspace       used 30124K, committed 31296K, reserved 1114112K
  class space    used 4397K, committed 4992K, reserved 1048576K
}
Event: 5.636 GC heap before
{Heap before GC invocations=6 (full 0):
 garbage-first heap   total reserved 4194304K, committed 81920K, used 63801K [0x0000000700000000, 0x0000000800000000)
  region size 2048K, 22 young (45056K), 4 survivors (8192K)
 Metaspace       used 32891K, committed 34112K, reserved 1114112K
  class space    used 4692K, committed 5248K, reserved 1048576K
}
Event: 5.646 GC heap after
{Heap after GC invocations=7 (full 0):
 garbage-first heap   total reserved 4194304K, committed 81920K, used 30240K [0x0000000700000000, 0x0000000800000000)
  region size 2048K, 2 young (4096K), 2 survivors (4096K)
 Metaspace       used 32891K, committed 34112K, reserved 1114112K
  class space    used 4692K, committed 5248K, reserved 1048576K
}
Event: 6.318 GC heap before
{Heap before GC invocations=7 (full 0):
 garbage-first heap   total reserved 4194304K, committed 81920K, used 52768K [0x0000000700000000, 0x0000000800000000)
  region size 2048K, 14 young (28672K), 2 survivors (4096K)
 Metaspace       used 34666K, committed 35968K, reserved 1114112K
  class space    used 4986K, committed 5632K, reserved 1048576K
}
Event: 6.324 GC heap after
{Heap after GC invocations=8 (full 0):
 garbage-first heap   total reserved 4194304K, committed 98304K, used 32193K [0x0000000700000000, 0x0000000800000000)
  region size 2048K, 2 young (4096K), 2 survivors (4096K)
 Metaspace       used 34666K, committed 35968K, reserved 1114112K
  class space    used 4986K, committed 5632K, reserved 1048576K
}
Event: 7.968 GC heap before
{Heap before GC invocations=9 (full 0):
 garbage-first heap   total reserved 4194304K, committed 98304K, used 77249K [0x0000000700000000, 0x0000000800000000)
  region size 2048K, 25 young (51200K), 2 survivors (4096K)
 Metaspace       used 39595K, committed 41024K, reserved 1114112K
  class space    used 5716K, committed 6400K, reserved 1048576K
}
Event: 7.973 GC heap after
{Heap after GC invocations=10 (full 0):
 garbage-first heap   total reserved 4194304K, committed 98304K, used 34297K [0x0000000700000000, 0x0000000800000000)
  region size 2048K, 3 young (6144K), 3 survivors (6144K)
 Metaspace       used 39595K, committed 41024K, reserved 1114112K
  class space    used 5716K, committed 6400K, reserved 1048576K
}
Event: 9.688 GC heap before
{Heap before GC invocations=10 (full 0):
 garbage-first heap   total reserved 4194304K, committed 98304K, used 81401K [0x0000000700000000, 0x0000000800000000)
  region size 2048K, 26 young (53248K), 3 survivors (6144K)
 Metaspace       used 47109K, committed 48832K, reserved 1114112K
  class space    used 6838K, committed 7680K, reserved 1048576K
}
Event: 9.698 GC heap after
{Heap after GC invocations=11 (full 0):
 garbage-first heap   total reserved 4194304K, committed 98304K, used 36601K [0x0000000700000000, 0x0000000800000000)
  region size 2048K, 3 young (6144K), 3 survivors (6144K)
 Metaspace       used 47109K, committed 48832K, reserved 1114112K
  class space    used 6838K, committed 7680K, reserved 1048576K
}
Event: 11.392 GC heap before
{Heap before GC invocations=11 (full 0):
 garbage-first heap   total reserved 4194304K, committed 98304K, used 83705K [0x0000000700000000, 0x0000000800000000)
  region size 2048K, 26 young (53248K), 3 survivors (6144K)
 Metaspace       used 53273K, committed 55040K, reserved 1114112K
  class space    used 7667K, committed 8512K, reserved 1048576K
}
Event: 11.400 GC heap after
{Heap after GC invocations=12 (full 0):
 garbage-first heap   total reserved 4194304K, committed 98304K, used 39282K [0x0000000700000000, 0x0000000800000000)
  region size 2048K, 3 young (6144K), 3 survivors (6144K)
 Metaspace       used 53273K, committed 55040K, reserved 1114112K
  class space    used 7667K, committed 8512K, reserved 1048576K
}

Dll operation events (13 events):
Event: 0.011 Loaded shared library C:\Program Files\Java\jdk-22\bin\java.dll
Event: 0.102 Loaded shared library C:\Program Files\Java\jdk-22\bin\jsvml.dll
Event: 0.144 Loaded shared library C:\Program Files\Java\jdk-22\bin\net.dll
Event: 0.148 Loaded shared library C:\Program Files\Java\jdk-22\bin\nio.dll
Event: 0.154 Loaded shared library C:\Program Files\Java\jdk-22\bin\zip.dll
Event: 0.397 Loaded shared library C:\Program Files\Java\jdk-22\bin\jimage.dll
Event: 0.480 Loaded shared library C:\Program Files\Java\jdk-22\bin\verify.dll
Event: 0.671 Loaded shared library C:\Users\diand\.gradle\native\c067742578af261105cb4f569cf0c3c89f3d7b1fecec35dd04571415982c5e48\windows-amd64\native-platform.dll
Event: 0.681 Loaded shared library C:\Users\diand\.gradle\native\38dada09dfb8b06ba9b0570ebf7e218e3eb74d4ef43ca46872605cf95ebc2f47\windows-amd64\native-platform-file-events.dll
Event: 1.594 Loaded shared library C:\Program Files\Java\jdk-22\bin\management.dll
Event: 1.597 Loaded shared library C:\Program Files\Java\jdk-22\bin\management_ext.dll
Event: 1.880 Loaded shared library C:\Program Files\Java\jdk-22\bin\extnet.dll
Event: 2.100 Loaded shared library C:\Program Files\Java\jdk-22\bin\sunmscapi.dll

Deoptimization events (20 events):
Event: 13.430 Thread 0x000002a6a54c56f0 Uncommon trap: trap_request=0xffffffde fr.pc=0x000002a6956a1a38 relative=0x0000000000000118
Event: 13.430 Thread 0x000002a6a54c56f0 Uncommon trap: reason=class_check action=maybe_recompile pc=0x000002a6956a1a38 method=jdk.internal.util.StrongReferenceKey.equals(Ljava/lang/Object;)Z @ 1 c2
Event: 13.430 Thread 0x000002a6a54c56f0 DEOPT PACKING pc=0x000002a6956a1a38 sp=0x000000d5c83fd050
Event: 13.430 Thread 0x000002a6a54c56f0 DEOPT UNPACKING pc=0x000002a694e746a2 sp=0x000000d5c83fcff8 mode 2
Event: 13.440 Thread 0x000002a6a54c9200 DEOPT PACKING pc=0x000002a68de9381e sp=0x000000d5c86fccd0
Event: 13.440 Thread 0x000002a6a54c9200 DEOPT UNPACKING pc=0x000002a694e74e42 sp=0x000000d5c86fc250 mode 0
Event: 13.524 Thread 0x000002a6ee3fcfa0 Uncommon trap: trap_request=0xffffffde fr.pc=0x000002a6957ef584 relative=0x00000000000003e4
Event: 13.524 Thread 0x000002a6ee3fcfa0 Uncommon trap: reason=class_check action=maybe_recompile pc=0x000002a6957ef584 method=java.util.stream.AbstractPipeline.copyIntoWithCancel(Ljava/util/stream/Sink;Ljava/util/Spliterator;)Z @ 32 c2
Event: 13.524 Thread 0x000002a6ee3fcfa0 DEOPT PACKING pc=0x000002a6957ef584 sp=0x000000d5c75fb650
Event: 13.524 Thread 0x000002a6ee3fcfa0 DEOPT UNPACKING pc=0x000002a694e746a2 sp=0x000000d5c75fb510 mode 2
Event: 13.525 Thread 0x000002a6ee3fcfa0 Uncommon trap: trap_request=0xffffffde fr.pc=0x000002a6957ef584 relative=0x00000000000003e4
Event: 13.525 Thread 0x000002a6ee3fcfa0 Uncommon trap: reason=class_check action=maybe_recompile pc=0x000002a6957ef584 method=java.util.stream.AbstractPipeline.copyIntoWithCancel(Ljava/util/stream/Sink;Ljava/util/Spliterator;)Z @ 32 c2
Event: 13.525 Thread 0x000002a6ee3fcfa0 DEOPT PACKING pc=0x000002a6957ef584 sp=0x000000d5c75fb650
Event: 13.525 Thread 0x000002a6ee3fcfa0 DEOPT UNPACKING pc=0x000002a694e746a2 sp=0x000000d5c75fb510 mode 2
Event: 13.525 Thread 0x000002a6ee3fcfa0 Uncommon trap: trap_request=0xffffffde fr.pc=0x000002a6957ef584 relative=0x00000000000003e4
Event: 13.525 Thread 0x000002a6ee3fcfa0 Uncommon trap: reason=class_check action=maybe_recompile pc=0x000002a6957ef584 method=java.util.stream.AbstractPipeline.copyIntoWithCancel(Ljava/util/stream/Sink;Ljava/util/Spliterator;)Z @ 32 c2
Event: 13.525 Thread 0x000002a6ee3fcfa0 DEOPT PACKING pc=0x000002a6957ef584 sp=0x000000d5c75fb650
Event: 13.525 Thread 0x000002a6ee3fcfa0 DEOPT UNPACKING pc=0x000002a694e746a2 sp=0x000000d5c75fb510 mode 2
Event: 13.700 Thread 0x000002a6ec8503f0 DEOPT PACKING pc=0x000002a68de9381e sp=0x000000d5c60fee90
Event: 13.700 Thread 0x000002a6ec8503f0 DEOPT UNPACKING pc=0x000002a694e74e42 sp=0x000000d5c60fe410 mode 0

Classes loaded (20 events):
Event: 10.949 Loading class javax/net/ssl/X509TrustManager
Event: 10.950 Loading class javax/net/ssl/X509TrustManager done
Event: 10.953 Loading class javax/net/ssl/SSLException
Event: 10.954 Loading class javax/net/ssl/SSLException done
Event: 10.954 Loading class javax/net/ssl/SSLPeerUnverifiedException
Event: 10.955 Loading class javax/net/ssl/SSLPeerUnverifiedException done
Event: 10.955 Loading class javax/naming/NamingException
Event: 10.955 Loading class javax/naming/NamingException done
Event: 10.956 Loading class javax/naming/InvalidNameException
Event: 10.956 Loading class javax/naming/InvalidNameException done
Event: 10.956 Loading class java/security/cert/CertificateParsingException
Event: 10.958 Loading class java/security/cert/CertificateException
Event: 10.961 Loading class java/security/cert/CertificateException done
Event: 10.961 Loading class java/security/cert/CertificateParsingException done
Event: 11.995 Loading class java/util/concurrent/LinkedBlockingDeque$Itr
Event: 11.996 Loading class java/util/concurrent/LinkedBlockingDeque$AbstractItr
Event: 11.996 Loading class java/util/concurrent/LinkedBlockingDeque$AbstractItr done
Event: 11.996 Loading class java/util/concurrent/LinkedBlockingDeque$Itr done
Event: 13.253 Loading class sun/nio/fs/WindowsException
Event: 13.254 Loading class sun/nio/fs/WindowsException done

Classes unloaded (0 events):
No events

Classes redefined (0 events):
No events

Internal exceptions (20 events):
Event: 9.214 Thread 0x000002a6ebd27800 Exception <a 'java/lang/NoSuchMethodError'{0x0000000703ef0530}: 'java.lang.Object java.lang.invoke.DirectMethodHandle$Holder.invokeSpecial(java.lang.Object, java.lang.Object, int, java.lang.Object, java.lang.Object, java.lang.Object)'> (0x0000000703ef0530) 
thrown [s\open\src\hotspot\share\interpreter\linkResolver.cpp, line 774]
Event: 9.521 Thread 0x000002a6ebd27800 Exception <a 'java/lang/NoSuchMethodError'{0x00000007039c2608}: 'java.lang.Object java.lang.invoke.DirectMethodHandle$Holder.invokeVirtual(java.lang.Object, java.lang.Object, java.lang.Object, java.lang.Object, java.lang.Object, java.lang.Object, java.lang.Object, java.lang.Object, java.lang.Object, java.lang.Object, java.lang.Object, java.lang.Object, java.lang.Object, java.lang.Object, java.lang.Object, java.lang.Object)'> (0x00000007039c2608) 
thrown [s\open\src\hotspot\share\interpreter\linkResolver.cp
Event: 11.244 Thread 0x000002a6ebd27800 Exception <a 'java/lang/NoSuchMethodError'{0x00000007035fc7c8}: 'int java.lang.invoke.DirectMethodHandle$Holder.invokeSpecialIFC(java.lang.Object, java.lang.Object, java.lang.Object)'> (0x00000007035fc7c8) 
thrown [s\open\src\hotspot\share\interpreter\linkResolver.cpp, line 774]
Event: 11.420 Thread 0x000002a6ebd27800 Exception <a 'java/lang/NoSuchMethodError'{0x0000000705e390b8}: 'int java.lang.invoke.DirectMethodHandle$Holder.invokeStatic(java.lang.Object)'> (0x0000000705e390b8) 
thrown [s\open\src\hotspot\share\interpreter\linkResolver.cpp, line 774]
Event: 11.421 Thread 0x000002a6ebd27800 Exception <a 'java/lang/NoSuchMethodError'{0x0000000705e3d230}: 'int java.lang.invoke.DirectMethodHandle$Holder.invokeStaticInit(java.lang.Object)'> (0x0000000705e3d230) 
thrown [s\open\src\hotspot\share\interpreter\linkResolver.cpp, line 774]
Event: 11.454 Thread 0x000002a6ebd27800 Exception <a 'java/lang/NoSuchMethodError'{0x0000000705e9c288}: 'java.lang.Object java.lang.invoke.DirectMethodHandle$Holder.newInvokeSpecial(java.lang.Object, java.lang.Object, java.lang.Object, java.lang.Object, java.lang.Object, int)'> (0x0000000705e9c288) 
thrown [s\open\src\hotspot\share\interpreter\linkResolver.cpp, line 774]
Event: 11.455 Thread 0x000002a6ebd27800 Exception <a 'java/lang/NoSuchMethodError'{0x0000000705ea1200}: 'java.lang.Object java.lang.invoke.DirectMethodHandle$Holder.invokeSpecial(java.lang.Object, java.lang.Object, java.lang.Object, java.lang.Object, java.lang.Object, java.lang.Object, int)'> (0x0000000705ea1200) 
thrown [s\open\src\hotspot\share\interpreter\linkResolver.cpp, line 774]
Event: 11.549 Thread 0x000002a6ebd27800 Exception <a 'java/lang/NoSuchMethodError'{0x0000000705f53fe0}: 'void java.lang.invoke.DirectMethodHandle$Holder.invokeStatic(java.lang.Object, java.lang.Object, java.lang.Object, int, java.lang.Object)'> (0x0000000705f53fe0) 
thrown [s\open\src\hotspot\share\interpreter\linkResolver.cpp, line 774]
Event: 11.648 Thread 0x000002a6ebd27800 Exception <a 'java/lang/NoSuchMethodError'{0x0000000705c7bcd8}: 'java.lang.Object java.lang.invoke.DirectMethodHandle$Holder.newInvokeSpecial(java.lang.Object, java.lang.Object, int)'> (0x0000000705c7bcd8) 
thrown [s\open\src\hotspot\share\interpreter\linkResolver.cpp, line 774]
Event: 12.005 Thread 0x000002a6ebfcd880 Implicit null exception at 0x000002a6955ae5a4 to 0x000002a6955aeb44
Event: 12.005 Thread 0x000002a6ebfcd880 Implicit null exception at 0x000002a6955beca0 to 0x000002a6955bf2ec
Event: 12.554 Thread 0x000002a6ebd27800 Exception <a 'java/lang/NoSuchMethodError'{0x000000070490c910}: 'int java.lang.invoke.DirectMethodHandle$Holder.invokeInterface(java.lang.Object, java.lang.Object, java.lang.Object, java.lang.Object)'> (0x000000070490c910) 
thrown [s\open\src\hotspot\share\interpreter\linkResolver.cpp, line 774]
Event: 12.942 Thread 0x000002a6ee3fcfa0 Exception <a 'java/lang/NoSuchMethodError'{0x0000000704166750}: 'java.lang.Object java.lang.invoke.DirectMethodHandle$Holder.newInvokeSpecial(java.lang.Object, java.lang.Object, java.lang.Object, java.lang.Object, int, java.lang.Object)'> (0x0000000704166750) 
thrown [s\open\src\hotspot\share\interpreter\linkResolver.cpp, line 774]
Event: 12.943 Thread 0x000002a6ee3fcfa0 Exception <a 'java/lang/NoSuchMethodError'{0x000000070416a5c8}: 'java.lang.Object java.lang.invoke.Invokers$Holder.linkToTargetMethod(java.lang.Object, java.lang.Object, java.lang.Object, int, java.lang.Object, java.lang.Object)'> (0x000000070416a5c8) 
thrown [s\open\src\hotspot\share\interpreter\linkResolver.cpp, line 774]
Event: 13.015 Thread 0x000002a6ee3fcfa0 Exception <a 'java/lang/NoSuchMethodError'{0x0000000703e4b350}: 'java.lang.Object java.lang.invoke.DirectMethodHandle$Holder.invokeVirtual(java.lang.Object, java.lang.Object, java.lang.Object, java.lang.Object, java.lang.Object, java.lang.Object, java.lang.Object, java.lang.Object, java.lang.Object, java.lang.Object, java.lang.Object, java.lang.Object, java.lang.Object, java.lang.Object, java.lang.Object, java.lang.Object, java.lang.Object, java.lang.Object, java.lang.Object, java.lang.Object, java.lang.Ob
Event: 13.016 Thread 0x000002a6ee3fcfa0 Exception <a 'java/lang/NoSuchMethodError'{0x0000000703e513e8}: 'java.lang.Object java.lang.invoke.DirectMethodHandle$Holder.invokeSpecial(java.lang.Object, java.lang.Object, java.lang.Object, java.lang.Object, java.lang.Object, java.lang.Object, java.lang.Object, java.lang.Object, java.lang.Object, java.lang.Object, java.lang.Object, java.lang.Object, java.lang.Object, java.lang.Object, java.lang.Object, java.lang.Object, java.lang.Object, java.lang.Object, java.lang.Object, java.lang.Object, java.lang.Ob
Event: 13.016 Thread 0x000002a6ee3fcfa0 Exception <a 'java/lang/NoSuchMethodError'{0x0000000703e56710}: 'java.lang.Object java.lang.invoke.DelegatingMethodHandle$Holder.reinvoke_L(java.lang.Object, java.lang.Object, java.lang.Object, java.lang.Object, java.lang.Object, java.lang.Object, java.lang.Object, java.lang.Object, java.lang.Object, java.lang.Object, java.lang.Object, java.lang.Object, java.lang.Object, java.lang.Object, java.lang.Object, java.lang.Object, java.lang.Object, java.lang.Object, java.lang.Object, java.lang.Object, java.lang.O
Event: 13.083 Thread 0x000002a6ee3fcfa0 Exception <a 'java/lang/NoSuchMethodError'{0x0000000703fb8240}: 'int java.lang.invoke.DirectMethodHandle$Holder.invokeSpecial(java.lang.Object, java.lang.Object, java.lang.Object, java.lang.Object, java.lang.Object)'> (0x0000000703fb8240) 
thrown [s\open\src\hotspot\share\interpreter\linkResolver.cpp, line 774]
Event: 13.255 Thread 0x000002a6ee3fcfa0 Exception <a 'sun/nio/fs/WindowsException'{0x0000000703a5f280}> (0x0000000703a5f280) 
thrown [s\open\src\hotspot\share\prims\jni.cpp, line 520]
Event: 13.635 Thread 0x000002a6ee3fcfa0 Exception <a 'java/lang/NoSuchMethodError'{0x00000007036ab048}: 'void java.lang.invoke.DirectMethodHandle$Holder.invokeVirtual(java.lang.Object, java.lang.Object)'> (0x00000007036ab048) 
thrown [s\open\src\hotspot\share\interpreter\linkResolver.cpp, line 774]

ZGC Phase Switch (0 events):
No events

VM Operations (20 events):
Event: 11.391 Executing VM operation: G1CollectForAllocation (G1 Evacuation Pause)
Event: 11.400 Executing VM operation: G1CollectForAllocation (G1 Evacuation Pause) done
Event: 12.018 Executing VM operation: HandshakeAllThreads (Deoptimize)
Event: 12.018 Executing VM operation: HandshakeAllThreads (Deoptimize) done
Event: 12.313 Executing VM operation: ICBufferFull
Event: 12.313 Executing VM operation: ICBufferFull done
Event: 12.512 Executing VM operation: HandshakeAllThreads (Deoptimize)
Event: 12.512 Executing VM operation: HandshakeAllThreads (Deoptimize) done
Event: 12.539 Executing VM operation: HandshakeAllThreads (Deoptimize)
Event: 12.539 Executing VM operation: HandshakeAllThreads (Deoptimize) done
Event: 12.722 Executing VM operation: ICBufferFull
Event: 12.723 Executing VM operation: ICBufferFull done
Event: 13.079 Executing VM operation: HandshakeAllThreads (Deoptimize)
Event: 13.079 Executing VM operation: HandshakeAllThreads (Deoptimize) done
Event: 13.110 Executing VM operation: HandshakeAllThreads (Deoptimize)
Event: 13.110 Executing VM operation: HandshakeAllThreads (Deoptimize) done
Event: 13.258 Executing VM operation: HandshakeAllThreads (Deoptimize)
Event: 13.258 Executing VM operation: HandshakeAllThreads (Deoptimize) done
Event: 13.545 Executing VM operation: ICBufferFull
Event: 13.545 Executing VM operation: ICBufferFull done

Memory protections (0 events):
No events

Nmethod flushes (20 events):
Event: 6.355 Thread 0x000002a6a51ad7d0 flushing  nmethod 0x000002a68da22910
Event: 6.355 Thread 0x000002a6a51ad7d0 flushing  nmethod 0x000002a68da22e90
Event: 6.355 Thread 0x000002a6a51ad7d0 flushing  nmethod 0x000002a68da23b90
Event: 6.355 Thread 0x000002a6a51ad7d0 flushing  nmethod 0x000002a68da24390
Event: 6.355 Thread 0x000002a6a51ad7d0 flushing  nmethod 0x000002a68da24710
Event: 6.355 Thread 0x000002a6a51ad7d0 flushing  nmethod 0x000002a68da24a90
Event: 6.355 Thread 0x000002a6a51ad7d0 flushing  nmethod 0x000002a68da24f90
Event: 6.355 Thread 0x000002a6a51ad7d0 flushing  nmethod 0x000002a68da25290
Event: 6.355 Thread 0x000002a6a51ad7d0 flushing  nmethod 0x000002a68da25610
Event: 6.355 Thread 0x000002a6a51ad7d0 flushing  nmethod 0x000002a68db26110
Event: 6.355 Thread 0x000002a6a51ad7d0 flushing  nmethod 0x000002a68dcac390
Event: 6.355 Thread 0x000002a6a51ad7d0 flushing  nmethod 0x000002a68dd17290
Event: 6.355 Thread 0x000002a6a51ad7d0 flushing  nmethod 0x000002a68dd75510
Event: 6.355 Thread 0x000002a6a51ad7d0 flushing  nmethod 0x000002a68dd76b90
Event: 6.355 Thread 0x000002a6a51ad7d0 flushing  nmethod 0x000002a68dd78910
Event: 6.355 Thread 0x000002a6a51ad7d0 flushing  nmethod 0x000002a68dd79510
Event: 6.355 Thread 0x000002a6a51ad7d0 flushing  nmethod 0x000002a68dd99790
Event: 6.355 Thread 0x000002a6a51ad7d0 flushing  nmethod 0x000002a68ddee610
Event: 6.355 Thread 0x000002a6a51ad7d0 flushing  nmethod 0x000002a68ddeeb10
Event: 6.355 Thread 0x000002a6a51ad7d0 flushing  nmethod 0x000002a68ddefd10

Events (20 events):
Event: 12.905 Thread 0x000002a6ee3fa1b0 Thread added: 0x000002a6ee3fd630
Event: 12.906 Thread 0x000002a6ee3fa1b0 Thread added: 0x000002a6ee3fdcc0
Event: 12.906 Thread 0x000002a6ee3fa1b0 Thread added: 0x000002a6ee3fe9e0
Event: 12.906 Thread 0x000002a6ee3fa1b0 Thread added: 0x000002a6ee3ff070
Event: 12.906 Thread 0x000002a6ee3fa1b0 Thread added: 0x000002a6a54c8b70
Event: 12.906 Thread 0x000002a6ee3fa1b0 Thread added: 0x000002a6a54c9f20
Event: 12.906 Thread 0x000002a6ee3fa1b0 Thread added: 0x000002a6a54cb2d0
Event: 12.906 Thread 0x000002a6ee3fa1b0 Thread added: 0x000002a6a54cb960
Event: 12.906 Thread 0x000002a6ee3fa1b0 Thread added: 0x000002a6a54ca5b0
Event: 12.970 Thread 0x000002a6ee3fcfa0 Thread added: 0x000002a6a54c7e50
Event: 13.412 Thread 0x000002a6ee3fcfa0 Thread added: 0x000002a6a54c5d80
Event: 13.412 Thread 0x000002a6ee3fcfa0 Thread added: 0x000002a6a54c56f0
Event: 13.413 Thread 0x000002a6ee3fcfa0 Thread added: 0x000002a6a54c84e0
Event: 13.413 Thread 0x000002a6ee3fcfa0 Thread added: 0x000002a6a54cac40
Event: 13.413 Thread 0x000002a6ee3fcfa0 Thread added: 0x000002a6a54c9200
Event: 13.413 Thread 0x000002a6ee3fcfa0 Thread added: 0x000002a6a54cbff0
Event: 13.414 Thread 0x000002a6ee3fcfa0 Thread added: 0x000002a6a54c9890
Event: 13.414 Thread 0x000002a6ee3fcfa0 Thread added: 0x000002a6a54cc680
Event: 13.415 Thread 0x000002a6ee3fcfa0 Thread added: 0x000002a6a54ccd10
Event: 13.416 Thread 0x000002a6ee3fcfa0 Thread added: 0x000002a6a54c6410


Dynamic libraries:
0x00007ff7afb20000 - 0x00007ff7afb30000 	C:\Program Files\Java\jdk-22\bin\java.exe
0x00007ffd3b8d0000 - 0x00007ffd3bae7000 	C:\WINDOWS\SYSTEM32\ntdll.dll
0x00007ffd39820000 - 0x00007ffd398e4000 	C:\WINDOWS\System32\KERNEL32.DLL
0x00007ffd390a0000 - 0x00007ffd39459000 	C:\WINDOWS\System32\KERNELBASE.dll
0x00007ffd38da0000 - 0x00007ffd38eb1000 	C:\WINDOWS\System32\ucrtbase.dll
0x00007ffd11640000 - 0x00007ffd1165b000 	C:\Program Files\Java\jdk-22\bin\VCRUNTIME140.dll
0x00007ffd33900000 - 0x00007ffd33917000 	C:\Program Files\Java\jdk-22\bin\jli.dll
0x00007ffd39e30000 - 0x00007ffd39fde000 	C:\WINDOWS\System32\USER32.dll
0x00007ffd38bd0000 - 0x00007ffd38bf6000 	C:\WINDOWS\System32\win32u.dll
0x00007ffd18ef0000 - 0x00007ffd19182000 	C:\WINDOWS\WinSxS\amd64_microsoft.windows.common-controls_6595b64144ccf1df_6.0.22621.4391_none_2715d37f73803e96\COMCTL32.dll
0x00007ffd3a6b0000 - 0x00007ffd3a6d9000 	C:\WINDOWS\System32\GDI32.dll
0x00007ffd3aa20000 - 0x00007ffd3aac7000 	C:\WINDOWS\System32\msvcrt.dll
0x00007ffd394d0000 - 0x00007ffd395eb000 	C:\WINDOWS\System32\gdi32full.dll
0x00007ffd39000000 - 0x00007ffd3909a000 	C:\WINDOWS\System32\msvcp_win.dll
0x00007ffd3a670000 - 0x00007ffd3a6a1000 	C:\WINDOWS\System32\IMM32.DLL
0x00007ffd33930000 - 0x00007ffd3393c000 	C:\Program Files\Java\jdk-22\bin\vcruntime140_1.dll
0x00007ffcf3b50000 - 0x00007ffcf3bde000 	C:\Program Files\Java\jdk-22\bin\msvcp140.dll
0x00007ffc551b0000 - 0x00007ffc55ef9000 	C:\Program Files\Java\jdk-22\bin\server\jvm.dll
0x00007ffd3a7a0000 - 0x00007ffd3a852000 	C:\WINDOWS\System32\ADVAPI32.dll
0x00007ffd3abd0000 - 0x00007ffd3ac77000 	C:\WINDOWS\System32\sechost.dll
0x00007ffd38c00000 - 0x00007ffd38c28000 	C:\WINDOWS\System32\bcrypt.dll
0x00007ffd3a0c0000 - 0x00007ffd3a1d4000 	C:\WINDOWS\System32\RPCRT4.dll
0x00007ffd395f0000 - 0x00007ffd39661000 	C:\WINDOWS\System32\WS2_32.dll
0x00007ffd38aa0000 - 0x00007ffd38aed000 	C:\WINDOWS\SYSTEM32\POWRPROF.dll
0x00007ffd31be0000 - 0x00007ffd31c14000 	C:\WINDOWS\SYSTEM32\WINMM.dll
0x00007ffd2ff00000 - 0x00007ffd2ff0a000 	C:\WINDOWS\SYSTEM32\VERSION.dll
0x00007ffd38a80000 - 0x00007ffd38a93000 	C:\WINDOWS\SYSTEM32\UMPDC.dll
0x00007ffd37b70000 - 0x00007ffd37b88000 	C:\WINDOWS\SYSTEM32\kernel.appcore.dll
0x00007ffd2f280000 - 0x00007ffd2f28a000 	C:\Program Files\Java\jdk-22\bin\jimage.dll
0x00007ffd365b0000 - 0x00007ffd367e2000 	C:\WINDOWS\SYSTEM32\DBGHELP.DLL
0x00007ffd3a240000 - 0x00007ffd3a5cf000 	C:\WINDOWS\System32\combase.dll
0x00007ffd39fe0000 - 0x00007ffd3a0b7000 	C:\WINDOWS\System32\OLEAUT32.dll
0x00007ffd25190000 - 0x00007ffd251c2000 	C:\WINDOWS\SYSTEM32\dbgcore.DLL
0x00007ffd38f80000 - 0x00007ffd38ffb000 	C:\WINDOWS\System32\bcryptPrimitives.dll
0x00007ffd0f560000 - 0x00007ffd0f57e000 	C:\Program Files\Java\jdk-22\bin\java.dll
0x00007ffd3b000000 - 0x00007ffd3b876000 	C:\WINDOWS\System32\SHELL32.dll
0x00007ffd39670000 - 0x00007ffd39815000 	C:\WINDOWS\System32\ole32.dll
0x00007ffd36ac0000 - 0x00007ffd373c3000 	C:\WINDOWS\SYSTEM32\windows.storage.dll
0x00007ffd36980000 - 0x00007ffd36abf000 	C:\WINDOWS\SYSTEM32\wintypes.dll
0x00007ffd3aad0000 - 0x00007ffd3abc9000 	C:\WINDOWS\System32\SHCORE.dll
0x00007ffd3a1e0000 - 0x00007ffd3a23e000 	C:\WINDOWS\System32\shlwapi.dll
0x00007ffd38b00000 - 0x00007ffd38b2b000 	C:\WINDOWS\SYSTEM32\profapi.dll
0x00007ffcf3a30000 - 0x00007ffcf3b07000 	C:\Program Files\Java\jdk-22\bin\jsvml.dll
0x00007ffd0f550000 - 0x00007ffd0f560000 	C:\Program Files\Java\jdk-22\bin\net.dll
0x00007ffd38060000 - 0x00007ffd380c9000 	C:\WINDOWS\system32\mswsock.dll
0x00007ffd0f530000 - 0x00007ffd0f546000 	C:\Program Files\Java\jdk-22\bin\nio.dll
0x00007ffd07a00000 - 0x00007ffd07a17000 	C:\Program Files\Java\jdk-22\bin\zip.dll
0x00007ffd079f0000 - 0x00007ffd07a00000 	C:\Program Files\Java\jdk-22\bin\verify.dll
0x00007ffcf7550000 - 0x00007ffcf7577000 	C:\Users\diand\.gradle\native\c067742578af261105cb4f569cf0c3c89f3d7b1fecec35dd04571415982c5e48\windows-amd64\native-platform.dll
0x00007ffcb7550000 - 0x00007ffcb7694000 	C:\Users\diand\.gradle\native\38dada09dfb8b06ba9b0570ebf7e218e3eb74d4ef43ca46872605cf95ebc2f47\windows-amd64\native-platform-file-events.dll
0x00007ffd07450000 - 0x00007ffd0745a000 	C:\Program Files\Java\jdk-22\bin\management.dll
0x00007ffd07440000 - 0x00007ffd0744b000 	C:\Program Files\Java\jdk-22\bin\management_ext.dll
0x00007ffd39950000 - 0x00007ffd39958000 	C:\WINDOWS\System32\PSAPI.DLL
0x00007ffd382f0000 - 0x00007ffd3830b000 	C:\WINDOWS\SYSTEM32\CRYPTSP.dll
0x00007ffd37b30000 - 0x00007ffd37b65000 	C:\WINDOWS\system32\rsaenh.dll
0x00007ffd38180000 - 0x00007ffd381a8000 	C:\WINDOWS\SYSTEM32\USERENV.dll
0x00007ffd382e0000 - 0x00007ffd382ec000 	C:\WINDOWS\SYSTEM32\CRYPTBASE.dll
0x00007ffd37670000 - 0x00007ffd3769d000 	C:\WINDOWS\SYSTEM32\IPHLPAPI.DLL
0x00007ffd3a660000 - 0x00007ffd3a669000 	C:\WINDOWS\System32\NSI.dll
0x00007ffd02710000 - 0x00007ffd02719000 	C:\Program Files\Java\jdk-22\bin\extnet.dll
0x00007ffd02310000 - 0x00007ffd0231e000 	C:\Program Files\Java\jdk-22\bin\sunmscapi.dll
0x00007ffd38c30000 - 0x00007ffd38d96000 	C:\WINDOWS\System32\CRYPT32.dll
0x00007ffd384a0000 - 0x00007ffd384cd000 	C:\WINDOWS\SYSTEM32\ncrypt.dll
0x00007ffd38460000 - 0x00007ffd38497000 	C:\WINDOWS\SYSTEM32\NTASN1.dll
0x00007ffcf3d10000 - 0x00007ffcf3d18000 	C:\WINDOWS\system32\wshunix.dll

dbghelp: loaded successfully - version: 4.0.5 - missing functions: none
symbol engine: initialized successfully - sym options: 0x614 - pdb path: .;C:\Program Files\Java\jdk-22\bin;C:\WINDOWS\SYSTEM32;C:\WINDOWS\WinSxS\amd64_microsoft.windows.common-controls_6595b64144ccf1df_6.0.22621.4391_none_2715d37f73803e96;C:\Program Files\Java\jdk-22\bin\server;C:\Users\diand\.gradle\native\c067742578af261105cb4f569cf0c3c89f3d7b1fecec35dd04571415982c5e48\windows-amd64;C:\Users\diand\.gradle\native\38dada09dfb8b06ba9b0570ebf7e218e3eb74d4ef43ca46872605cf95ebc2f47\windows-amd64

VM Arguments:
jvm_args: -XX:+HeapDumpOnOutOfMemoryError --add-opens=java.base/java.util=ALL-UNNAMED --add-opens=java.base/java.lang=ALL-UNNAMED --add-opens=java.base/java.lang.invoke=ALL-UNNAMED --add-opens=java.prefs/java.util.prefs=ALL-UNNAMED --add-opens=java.base/java.nio.charset=ALL-UNNAMED --add-opens=java.base/java.net=ALL-UNNAMED --add-opens=java.base/java.util.concurrent.atomic=ALL-UNNAMED -Xmx4G -Dfile.encoding=UTF-8 -Duser.country=US -Duser.language=en -Duser.variant 
java_command: org.gradle.launcher.daemon.bootstrap.GradleDaemon 7.6.3
java_class_path (initial): C:\Users\diand\.gradle\wrapper\dists\gradle-7.6.3-all\aocdy2d2z8kodnny3rsumj8i8\gradle-7.6.3\lib\gradle-launcher-7.6.3.jar
Launcher Type: SUN_STANDARD

[Global flags]
     intx CICompilerCount                          = 12                                        {product} {ergonomic}
     uint ConcGCThreads                            = 3                                         {product} {ergonomic}
     uint G1ConcRefinementThreads                  = 13                                        {product} {ergonomic}
   size_t G1HeapRegionSize                         = 2097152                                   {product} {ergonomic}
     bool HeapDumpOnOutOfMemoryError               = true                                   {manageable} {command line}
   size_t InitialHeapSize                          = 98566144                                  {product} {ergonomic}
   size_t MarkStackSize                            = 4194304                                   {product} {ergonomic}
   size_t MaxHeapSize                              = 4294967296                                {product} {command line}
   size_t MaxNewSize                               = 2575302656                                {product} {ergonomic}
   size_t MinHeapDeltaBytes                        = 2097152                                   {product} {ergonomic}
   size_t MinHeapSize                              = 8388608                                   {product} {ergonomic}
    uintx NonNMethodCodeHeapSize                   = 7602480                                {pd product} {ergonomic}
    uintx NonProfiledCodeHeapSize                  = 122027880                              {pd product} {ergonomic}
     bool PerfDisableSharedMem                     = true                                      {product} {ergonomic}
    uintx ProfiledCodeHeapSize                     = 122027880                              {pd product} {ergonomic}
    uintx ReservedCodeCacheSize                    = 251658240                              {pd product} {ergonomic}
     bool SegmentedCodeCache                       = true                                      {product} {ergonomic}
   size_t SoftMaxHeapSize                          = 4294967296                             {manageable} {ergonomic}
     bool UseCompressedOops                        = true                           {product lp64_product} {ergonomic}
     bool UseG1GC                                  = true                                      {product} {ergonomic}
     bool UseLargePagesIndividualAllocation        = false                                  {pd product} {ergonomic}

Logging:
Log output configuration:
 #0: stdout all=warning uptime,level,tags foldmultilines=false
 #1: stderr all=off uptime,level,tags foldmultilines=false

Environment Variables:
JAVA_HOME=C:\Program Files\Java\jdk-22
CLASSPATH=D:\android_2024\coba\android\\gradle\wrapper\gradle-wrapper.jar
PATH=C:\Program Files\Common Files\Oracle\Java\javapath;C:\Program Files (x86)\Common Files\Oracle\Java\java8path;C:\Program Files (x86)\Common Files\Oracle\Java\javapath;C:\WINDOWS\system32;C:\WINDOWS;C:\WINDOWS\System32\Wbem;C:\WINDOWS\System32\WindowsPowerShell\v1.0\;C:\WINDOWS\System32\OpenSSH\;C:\Users\diand\Downloads\xampp\php;C:\ProgramData\ComposerSetup\bin;C:\Program Files\Git\cmd;C:\Users\diand\AppData\Local\Microsoft\WindowsApps;C:\Users\diand\AppData\Local\Programs\Microsoft VS Code\bin;C:\Program Files\Java\jdk-22;C:\Users\diand\AppData\Roaming\Composer\vendor\bin
USERNAME=`Lenovo
OS=Windows_NT
PROCESSOR_IDENTIFIER=AMD64 Family 25 Model 80 Stepping 0, AuthenticAMD
TMP=C:\Users\diand\AppData\Local\Temp
TEMP=C:\Users\diand\AppData\Local\Temp




Periodic native trim disabled

---------------  S Y S T E M  ---------------

OS:
 Windows 11 , 64 bit Build 22621 (10.0.22621.4391)
OS uptime: 1 days 16:27 hours
Hyper-V role detected

CPU: total 16 (initial active 16) (16 cores per cpu, 2 threads per core) family 25 model 80 stepping 0 microcode 0x0, cx8, cmov, fxsr, ht, mmx, 3dnowpref, sse, sse2, sse3, ssse3, sse4a, sse4.1, sse4.2, popcnt, lzcnt, tsc, tscinvbit, avx, avx2, aes, erms, clmul, bmi1, bmi2, adx, sha, fma, vzeroupper, clflush, clflushopt, hv, rdtscp, rdpid, fsrm, f16c, cet_ss
Processor Information for all 16 processors :
  Max Mhz: 2000, Current Mhz: 2000, Mhz Limit: 2000

Memory: 4k page, system-wide physical 5989M (573M free)
TotalPageFile size 24421M (AvailPageFile size 988M)
current process WorkingSet (physical memory assigned to process): 236M, peak: 272M
current process commit charge ("private bytes"): 339M, peak: 339M

vm_info: Java HotSpot(TM) 64-Bit Server VM (22.0.2+9-70) for windows-amd64 JRE (22.0.2+9-70), built on 2024-06-04T16:52:23Z by "mach5one" with MS VC++ 17.6 (VS2022)

END.
